#
# A fatal error has been detected by the Java Runtime Environment:
#
#  Internal Error (jvmciRuntime.cpp:1609), pid=29, tid=43
#  fatal error: Fatal exception in JVMCI: Error calling jdk.vm.ci.services.Services.serializeSavedProperties
#
# JRE version: OpenJDK Runtime Environment GraalVM CE 22.3.0 (17.0.5+8) (build 17.0.5+8-jvmci-22.3-b08)
# Java VM: OpenJDK 64-Bit Server VM GraalVM CE 22.3.0 (17.0.5+8-jvmci-22.3-b08, mixed mode, sharing, tiered, jvmci, jvmci compiler, compressed oops, compressed class ptrs, parallel gc, linux-amd64)
# Problematic frame:
# V  [libjvm.so+0x972714]  JVMCIRuntime::fatal_exception(JVMCIEnv*, char const*)+0x74
#
# Core dump will be written. Default location: Core dumps may be processed with "/usr/share/apport/apport -p%p -s%s -c%c -d%d -P%P -u%u -g%g -- %E" (or dumping to /home/runner/Folha-de-Pagamento/core.29)
#
# If you would like to submit a bug report, please visit:
#   https://github.com/oracle/graal/issues
#

---------------  S U M M A R Y ------------

Command Line: -XX:ThreadPriorityPolicy=1 -XX:+UnlockExperimentalVMOptions -XX:+EnableJVMCIProduct -XX:JVMCIThreadsPerNativeLibraryRuntime=1 -XX:-UnlockExperimentalVMOptions -Declipse.application=org.eclipse.jdt.ls.core.id1 -Dosgi.bundles.defaultStartLevel=4 -Declipse.product=org.eclipse.jdt.ls.core.product -Dlog.level=ALL -Xverify:none -XX:+UseParallelGC -XX:GCTimeRatio=4 -XX:AdaptiveSizePolicyWeight=90 -Dsun.zip.disableMemoryMapping=true -Xmx512m -Xms100m /nix/store/m6gcpi1ii6rghy04cjwjddcavv7i90df-jdt-language-server-1.9.0/share/java/plugins/org.eclipse.equinox.launcher_1.6.400.v20210924-0641.jar --add-modules=ALL-SYSTEM --add-opens java.base/java.util=ALL-UNNAMED --add-opens java.base/java.lang=ALL-UNNAMED -configuration /home/runner/.cache/jdt-language-server/config -data /home/runner/.cache/jdt-language-server/data/home/runner/Folha-de-Pagamento

Host: AMD EPYC 7B12, 8 cores, 1G, Ubuntu 20.04.2 LTS
Time: Sun Apr  9 22:42:02 2023 UTC elapsed time: 913.232737 seconds (0d 0h 15m 13s)

---------------  T H R E A D  ---------------

Current thread (0x00007f09100b2210):  JavaThread "JVMCI-native CompilerThread0" daemon [_thread_in_vm, id=43, stack(0x00007f08f4448000,0x00007f08f4648000)]


Current CompileTask:
JVMCI-native: 913232 8948  s    4       org.eclipse.core.internal.watson.ElementTree::getElementData (61 bytes)

Stack: [0x00007f08f4448000,0x00007f08f4648000],  sp=0x00007f08f4646380,  free space=2040k
Native frames: (J=compiled Java code, j=interpreted, Vv=VM code, C=native code)
V  [libjvm.so+0x972714]  JVMCIRuntime::fatal_exception(JVMCIEnv*, char const*)+0x74
V  [libjvm.so+0x93e2fe]  JVMCIEnv::copy_saved_properties()+0x14e
V  [libjvm.so+0x9732a9]  JVMCIRuntime::initialize(JVMCIEnv*)+0xb19
V  [libjvm.so+0x9738a2]  JVMCIRuntime::get_HotSpotJVMCIRuntime(JVMCIEnv*)+0x12
V  [libjvm.so+0x9749f2]  JVMCIRuntime::compile_method(JVMCIEnv*, JVMCICompiler*, methodHandle const&, int)+0xd2
V  [libjvm.so+0x5b0d20]  CompileBroker::invoke_compiler_on_method(CompileTask*)+0x1470
V  [libjvm.so+0x5b12e8]  CompileBroker::compiler_thread_loop()+0x528
V  [libjvm.so+0xd82460]  JavaThread::thread_main_inner()+0xd0
V  [libjvm.so+0xd85a40]  Thread::call_run()+0xc0
V  [libjvm.so+0xbdb1e1]  thread_native_entry(Thread*)+0xe1

Register to memory mapping:

RAX=0x00007f09140b7000 points into unknown readable memory: 0x0000000000000058 | 58 00 00 00 00 00 00 00
RBX=0x00007f09151b2398: <offset 0x0000000000ef5398> in /nix/store/gpxl5qgg8kicmcvivwmybwjlpf7wh20l-graalvm17-ce-22.3.0/lib/server/libjvm.so at 0x00007f09142bd000
RCX=0x00007f091516a1e8: <offset 0x0000000000ead1e8> in /nix/store/gpxl5qgg8kicmcvivwmybwjlpf7wh20l-graalvm17-ce-22.3.0/lib/server/libjvm.so at 0x00007f09142bd000
RDX=0x0000000000000649 is an unknown value
RSP=0x00007f08f4646380 is pointing into the stack for thread: 0x00007f09100b2210
RBP=0x00007f08f46463a0 is pointing into the stack for thread: 0x00007f09100b2210
RSI=0x00007f09151b2c48: <offset 0x0000000000ef5c48> in /nix/store/gpxl5qgg8kicmcvivwmybwjlpf7wh20l-graalvm17-ce-22.3.0/lib/server/libjvm.so at 0x00007f09142bd000
RDI=0x00000000e0000000 is an oop: java.lang.String 
{0x00000000e0000000} - klass: 'java/lang/String'
 - string: "org.eclipse.osgi.container.ModuleRevisionBuilder$GenericInfo"
R8 =0x00007f09151b2398: <offset 0x0000000000ef5398> in /nix/store/gpxl5qgg8kicmcvivwmybwjlpf7wh20l-graalvm17-ce-22.3.0/lib/server/libjvm.so at 0x00007f09142bd000
R9 =0x00007f08f4646330 is pointing into the stack for thread: 0x00007f09100b2210
R10=0x00007f08f4647948 is pointing into the stack for thread: 0x00007f09100b2210
R11=0x0000000000000293 is an unknown value
R12=0x0 is NULL
R13=0x00007f09100b2210 is a thread
R14=0x00007f0910000b80 points into unknown readable memory: 0x00007f09153e3a38 | 38 3a 3e 15 09 7f 00 00
R15=0x00007f09154f1e40: <offset 0x0000000001234e40> in /nix/store/gpxl5qgg8kicmcvivwmybwjlpf7wh20l-graalvm17-ce-22.3.0/lib/server/libjvm.so at 0x00007f09142bd000


Registers:
RAX=0x00007f09140b7000, RBX=0x00007f09151b2398, RCX=0x00007f091516a1e8, RDX=0x0000000000000649
RSP=0x00007f08f4646380, RBP=0x00007f08f46463a0, RSI=0x00007f09151b2c48, RDI=0x00000000e0000000
R8 =0x00007f09151b2398, R9 =0x00007f08f4646330, R10=0x00007f08f4647948, R11=0x0000000000000293
R12=0x0000000000000000, R13=0x00007f09100b2210, R14=0x00007f0910000b80, R15=0x00007f09154f1e40
RIP=0x00007f0914c2f714, EFLAGS=0x0000000000010206, CSGSFS=0x002b000000000033, ERR=0x0000000000000006
  TRAPNO=0x000000000000000e

Top of Stack: (sp=0x00007f08f4646380)
0x00007f08f4646380:   00007f08f4646940 00007f09100b2210
0x00007f08f4646390:   00007f08f5ed48c8 0000000800c417a0
0x00007f08f46463a0:   00007f08f4646500 00007f0914bfb2fe
0x00007f08f46463b0:   00007f08f46463e0 00007f08f4646440 

Instructions: (pc=0x00007f0914c2f714)
0x00007f0914c2f614:   30 e8 f6 cf e8 ff 4c 89 e7 e8 2e 48 d1 ff 84 db
0x00007f0914c2f624:   75 2a 4d 85 ed 74 04 4d 8b 6d 00 48 83 c4 08 44
0x00007f0914c2f634:   89 f9 4c 89 f2 4c 89 ee 5b 4c 89 e7 41 5c 41 5d
0x00007f0914c2f644:   41 5e 41 5f 5d e9 e2 47 d1 ff 66 90 48 83 c4 08
0x00007f0914c2f654:   5b 41 5c 41 5d 41 5e 41 5f 5d c3 90 31 d2 be 08
0x00007f0914c2f664:   00 00 00 4c 89 ff e8 b1 78 a3 ff 49 89 c5 e9 37
0x00007f0914c2f674:   ff ff ff 66 0f 1f 84 00 00 00 00 00 48 8b 7a 08
0x00007f0914c2f684:   e9 6d ff ff ff 0f 1f 80 00 00 00 00 e8 5b 48 0a
0x00007f0914c2f694:   00 84 c0 75 89 e9 6a ff ff ff 66 90 55 48 89 e5
0x00007f0914c2f6a4:   41 56 41 55 41 54 49 89 fc 53 48 89 f3 66 48 8d
0x00007f0914c2f6b4:   3d 27 5e 85 00 66 66 48 e8 df 43 8d ff 4c 8b 28
0x00007f0914c2f6c4:   8b 05 be 72 8a 00 85 c0 75 14 ba 01 00 00 00 48
0x00007f0914c2f6d4:   8d 0d ae 72 8a 00 f0 0f b1 11 85 c0 74 4e be c8
0x00007f0914c2f6e4:   00 00 00 4c 89 ef e8 01 0b 41 00 48 8d 05 12 ac
0x00007f0914c2f6f4:   85 00 49 89 d8 48 8d 0d e8 aa 53 00 ba 49 06 00
0x00007f0914c2f704:   00 48 8d 35 3c 35 58 00 bf 00 00 00 e0 48 8b 00
0x00007f0914c2f714:   c6 00 58 31 c0 e8 e2 91 c6 ff 5b 41 5c 41 5d 41
0x00007f0914c2f724:   5e 5d e9 55 34 26 00 0f 1f 44 00 00 48 8d 05 81
0x00007f0914c2f734:   a3 8b 00 48 89 df 4c 8b 30 e8 9e 43 8d ff 48 89
0x00007f0914c2f744:   de 48 89 c2 49 8b 06 4c 89 f7 ff 50 08 4c 89 f7
0x00007f0914c2f754:   e8 a7 5c 27 00 4d 85 e4 74 12 be 01 00 00 00 4c
0x00007f0914c2f764:   89 e7 e8 35 43 fc ff eb 82 0f 1f 00 be 01 00 00
0x00007f0914c2f774:   00 4c 89 ef e8 d3 fd ff ff e9 6d ff ff ff 66 66
0x00007f0914c2f784:   2e 0f 1f 84 00 00 00 00 00 0f 1f 00 55 48 89 e5
0x00007f0914c2f794:   41 57 41 56 41 55 41 54 53 48 81 ec 08 02 00 00
0x00007f0914c2f7a4:   64 48 8b 04 25 28 00 00 00 48 89 45 c8 8b 07 83
0x00007f0914c2f7b4:   f8 02 0f 84 11 04 00 00 4c 8b 6f 18 49 89 ff 49
0x00007f0914c2f7c4:   89 f4 4d 85 ed 74 14 4c 89 ef e8 5d 57 22 00 41
0x00007f0914c2f7d4:   8b 07 83 f8 02 0f 84 19 04 00 00 48 8d 1d 9a 06
0x00007f0914c2f7e4:   8a 00 4c 8d 35 0b 3c 58 00 eb 38 90 48 85 d2 7f
0x00007f0914c2f7f4:   0d 48 8d 05 b4 c0 85 00 48 83 38 00 7e 0e 41 8b
0x00007f0914c2f804:   77 2c 4c 89 f7 31 c0 e8 a0 b2 f7 ff 49 8b 7f 18 


Stack slot to memory mapping:
stack at sp + 0 slots: 0x00007f08f4646940 is pointing into the stack for thread: 0x00007f09100b2210
stack at sp + 1 slots: 0x00007f09100b2210 is a thread
stack at sp + 2 slots: 0x00007f08f5ed48c8 points into unknown readable memory: 0x6573001880c9ffff | ff ff c9 80 18 00 73 65
stack at sp + 3 slots: 0x0000000800c417a0 is a pointer to class: 
jdk.vm.ci.services.Services {0x0000000800c417a0}
 - instance size:     2
 - klass size:        65
 - access:            public final synchronized 
 - state:             fully_initialized
 - name:              'jdk/vm/ci/services/Services'
 - super:             'java/lang/Object'
 - sub:               
 - arrays:            NULL
 - methods:           Array<T>(0x00007f08f503f650)
 - method ordering:   Array<T>(0x0000000800928960)
 - default_methods:   Array<T>(0x0000000000000000)
 - local interfaces:  Array<T>(0x00000008005ce810)
 - trans. interfaces: Array<T>(0x00000008005ce810)
 - constants:         constant pool [427] {0x00007f08f503e730} for 'jdk/vm/ci/services/Services' cache=0x00007f08f5040920
 - class loader data:  loader data: 0x00007f09100283f0 of 'bootstrap'
 - source file:       'Services.java'
 - class annotations:       Array<T>(0x0000000000000000)
 - class type annotations:  Array<T>(0x0000000000000000)
 - field annotations:       Array<T>(0x0000000000000000)
 - field type annotations:  Array<T>(0x0000000000000000)
 - inner classes:     Array<T>(0x00007f08f50408f0)
 - nest members:     Array<T>(0x00007f08f5040910)
 - permitted subclasses:     Array<T>(0x00000008005ce7a0)
 - java mirror:       a 'java/lang/Class'{0x00000000e017a278} = 'jdk/vm/ci/services/Services'
 - vtable length      5  (start addr: 0x0000000800c41970)
 - itable length      2 (start addr: 0x0000000800c41998)
 - ---- static fields (3 words):
 - public static final 'IS_BUILDING_NATIVE_IMAGE' 'Z' @128 
 - public static final 'IS_IN_NATIVE_IMAGE' 'Z' @129 
 - private static volatile 'savedProperties' 'Ljava/util/Map;' @112 
 - static final 'JVMCI_ENABLED' 'Z' @130 
 - private static final 'servicesCache' 'Ljava/util/Map;' @116 
 - private static final 'MAX_UNICODE_IN_UTF8_LENGTH' 'I' @120 
 - private static final 'MAX_UTF8_PROPERTY_STRING_LENGTH' 'I' @124 
 - ---- non-static fields (0 words):
 - non-static oop maps: 
stack at sp + 4 slots: 0x00007f08f4646500 is pointing into the stack for thread: 0x00007f09100b2210
stack at sp + 5 slots: 0x00007f0914bfb2fe: <offset 0x000000000093e2fe> in /nix/store/gpxl5qgg8kicmcvivwmybwjlpf7wh20l-graalvm17-ce-22.3.0/lib/server/libjvm.so at 0x00007f09142bd000
stack at sp + 6 slots: 0x00007f08f46463e0 is pointing into the stack for thread: 0x00007f09100b2210
stack at sp + 7 slots: 0x00007f08f4646440 is pointing into the stack for thread: 0x00007f09100b2210


---------------  P R O C E S S  ---------------

Threads class SMR info:
_java_thread_list=0x00007f087417fd80, length=28, elements={
0x00007f0910026690, 0x00007f09100a64d0, 0x00007f09100a7910, 0x00007f09100ae080,
0x00007f09100af430, 0x00007f09100b0820, 0x00007f09100b2210, 0x00007f09100b3720,
0x00007f09100b4b70, 0x00007f09100d8710, 0x00007f09101210c0, 0x00007f09103247f0,
0x00007f0910331640, 0x00007f0910332f80, 0x00007f091060ecc0, 0x00007f08a401a630,
0x00007f08a42aa870, 0x00007f08a4491c90, 0x00007f08a45feab0, 0x00007f0910417e50,
0x00007f09104b6a50, 0x00007f0880000ff0, 0x00007f0894001580, 0x00007f08800e9450,
0x00007f08944708c0, 0x00007f0874112a50, 0x00007f0874112fd0, 0x00007f08740648e0
}

Java Threads: ( => current thread )
  0x00007f0910026690 JavaThread "main" [_thread_blocked, id=35, stack(0x00007f09140d8000,0x00007f09141d8000)]
  0x00007f09100a64d0 JavaThread "Reference Handler" daemon [_thread_blocked, id=38, stack(0x00007f08f4d2e000,0x00007f08f4e2e000)]
  0x00007f09100a7910 JavaThread "Finalizer" daemon [_thread_blocked, id=39, stack(0x00007f08f4c2e000,0x00007f08f4d2e000)]
  0x00007f09100ae080 JavaThread "Signal Dispatcher" daemon [_thread_blocked, id=40, stack(0x00007f08f4848000,0x00007f08f4948000)]
  0x00007f09100af430 JavaThread "Service Thread" daemon [_thread_blocked, id=41, stack(0x00007f08f4748000,0x00007f08f4848000)]
  0x00007f09100b0820 JavaThread "Monitor Deflation Thread" daemon [_thread_blocked, id=42, stack(0x00007f08f4648000,0x00007f08f4748000)]
=>0x00007f09100b2210 JavaThread "JVMCI-native CompilerThread0" daemon [_thread_in_vm, id=43, stack(0x00007f08f4448000,0x00007f08f4648000)]
  0x00007f09100b3720 JavaThread "C1 CompilerThread0" daemon [_thread_blocked, id=44, stack(0x00007f08f4248000,0x00007f08f4448000)]
  0x00007f09100b4b70 JavaThread "Sweeper thread" daemon [_thread_blocked, id=45, stack(0x00007f08f4148000,0x00007f08f4248000)]
  0x00007f09100d8710 JavaThread "Common-Cleaner" daemon [_thread_blocked, id=46, stack(0x00007f08f4048000,0x00007f08f4148000)]
  0x00007f09101210c0 JavaThread "Notification Thread" daemon [_thread_blocked, id=47, stack(0x00007f08c7f00000,0x00007f08c8000000)]
  0x00007f09103247f0 JavaThread "Active Thread: Equinox Container: 9e79e11c-cc5e-457d-84b9-fc7055e39076" [_thread_blocked, id=60, stack(0x00007f08c4700000,0x00007f08c4800000)]
  0x00007f0910331640 JavaThread "Framework Event Dispatcher: Equinox Container: 9e79e11c-cc5e-457d-84b9-fc7055e39076" daemon [_thread_blocked, id=69, stack(0x00007f08c4500000,0x00007f08c4600000)]
  0x00007f0910332f80 JavaThread "Start Level: Equinox Container: 9e79e11c-cc5e-457d-84b9-fc7055e39076" daemon [_thread_blocked, id=71, stack(0x00007f08c4300000,0x00007f08c4400000)]
  0x00007f091060ecc0 JavaThread "Refresh Thread: Equinox Container: 9e79e11c-cc5e-457d-84b9-fc7055e39076" daemon [_thread_blocked, id=72, stack(0x00007f08c4100000,0x00007f08c4200000)]
  0x00007f08a401a630 JavaThread "SCR Component Actor" daemon [_thread_blocked, id=77, stack(0x00007f08bff00000,0x00007f08c0000000)]
  0x00007f08a42aa870 JavaThread "Worker-JM" [_thread_blocked, id=86, stack(0x00007f08bfb00000,0x00007f08bfc00000)]
  0x00007f08a4491c90 JavaThread "Java indexing" daemon [_thread_blocked, id=94, stack(0x00007f08bf700000,0x00007f08bf800000)]
  0x00007f08a45feab0 JavaThread "Bundle File Closer" daemon [_thread_blocked, id=95, stack(0x00007f08bf500000,0x00007f08bf600000)]
  0x00007f0910417e50 JavaThread "pool-3-thread-1" [_thread_blocked, id=99, stack(0x00007f08bf300000,0x00007f08bf400000)]
  0x00007f09104b6a50 JavaThread "pool-2-thread-1" [_thread_blocked, id=105, stack(0x00007f08bef00000,0x00007f08bf000000)]
  0x00007f0880000ff0 JavaThread "Worker-3" [_thread_blocked, id=107, stack(0x00007f08bfd00000,0x00007f08bfe00000)]
  0x00007f0894001580 JavaThread "Worker-4: Java indexing... " [_thread_blocked, id=108, stack(0x00007f08bed00000,0x00007f08bee00000)]
  0x00007f08800e9450 JavaThread "Worker-5" [_thread_blocked, id=160, stack(0x00007f08beb00000,0x00007f08bec00000)]
  0x00007f08944708c0 JavaThread "Okio Watchdog" daemon [_thread_blocked, id=168, stack(0x00007f08be100000,0x00007f08be200000)]
  0x00007f0874112a50 JavaThread "Thread-4" [_thread_in_Java, id=1464, stack(0x00007f08be700000,0x00007f08be800000)]
  0x00007f0874112fd0 JavaThread "Thread-5" [_thread_blocked, id=1673, stack(0x00007f08be500000,0x00007f08be600000)]
  0x00007f08740648e0 JavaThread "Thread-6" [_thread_blocked, id=1930, stack(0x00007f08be900000,0x00007f08bea00000)]

Other Threads:
  0x00007f09100a1c10 VMThread "VM Thread" [stack: 0x00007f08f4e30000,0x00007f08f4f30000] [id=37] _threads_hazard_ptr=0x00007f087417fd80
  0x00007f0910122a60 WatcherThread [stack: 0x00007f08c7e00000,0x00007f08c7f00000] [id=48]
  0x00007f091003df30 GCTaskThread "GC Thread#0" [stack: 0x00007f08f70dc000,0x00007f08f71dc000] [id=36]

Threads with active compile tasks:
JVMCI-native CompilerThread0   913323 8948  s    4       org.eclipse.core.internal.watson.ElementTree::getElementData (61 bytes)

VM state: synchronizing (normal execution)

VM Mutex/Monitor currently owned by a thread:  ([mutex/lock_event])
[0x00007f0910023840] Threads_lock - owner thread: 0x00007f09100a1c10
[0x00007f0910023ff0] Heap_lock - owner thread: 0x00007f09104b6a50

OutOfMemory and StackOverflow Exception counts:
OutOfMemoryError java_heap_errors=3
LinkageErrors=66

Heap address: 0x00000000e0000000, size: 512 MB, Compressed Oops mode: 32-bit

CDS archive(s) mapped at: [0x0000000800000000-0x0000000800bc8000-0x0000000800bc8000), size 12353536, SharedBaseAddress: 0x0000000800000000, ArchiveRelocationMode: 0.
Compressed class space mapped at: 0x0000000800c00000-0x0000000840c00000, reserved size: 1073741824
Narrow klass base: 0x0000000800000000, Narrow klass shift: 0, Narrow klass range: 0x100000000

GC Precious Log:
 CPUs: 8 total, 1 available
 Memory: 1024M
 Large Page Support: Disabled
 NUMA Support: Disabled
 Compressed Oops: Enabled (32-bit)
 Alignments: Space 512K, Generation 512K, Heap 2M
 Heap Min Capacity: 100M
 Heap Initial Capacity: 100M
 Heap Max Capacity: 512M
 Pre-touch: Disabled
 Parallel Workers: 1

Heap:
 PSYoungGen      total 29696K, used 21504K [0x00000000f5580000, 0x00000000f7c00000, 0x0000000100000000)
  eden space 21504K, 100% used [0x00000000f5580000,0x00000000f6a80000,0x00000000f6a80000)
  from space 8192K, 0% used [0x00000000f7280000,0x00000000f7280000,0x00000000f7a80000)
  to   space 8192K, 0% used [0x00000000f6a80000,0x00000000f6a80000,0x00000000f7280000)
 ParOldGen       total 349696K, used 349695K [0x00000000e0000000, 0x00000000f5580000, 0x00000000f5580000)
  object space 349696K, 99% used [0x00000000e0000000,0x00000000f557fff8,0x00000000f5580000)
 Metaspace       used 59926K, committed 61120K, reserved 1105920K
  class space    used 5928K, committed 6400K, reserved 1048576K

Card table byte_map: [0x00007f08f71dc000,0x00007f08f72dd000] _byte_map_base: 0x00007f08f6adc000

Marking Bits: (ParMarkBitMap*) 0x00007f09154eb4c0
 Begin Bits: [0x00007f08f602f000, 0x00007f08f682f000)
 End Bits:   [0x00007f08f682f000, 0x00007f08f702f000)

Polling page: 0x00007f09140b5000

Metaspace:

Usage:
  Non-class:     52.73 MB used.
      Class:      5.79 MB used.
       Both:     58.52 MB used.

Virtual space:
  Non-class space:       56.00 MB reserved,      53.44 MB ( 95%) committed,  7 nodes.
      Class space:        1.00 GB reserved,       6.25 MB ( <1%) committed,  1 nodes.
             Both:        1.05 GB reserved,      59.69 MB (  6%) committed. 

Chunk freelists:
   Non-Class:  2.25 MB
       Class:  1.83 MB
        Both:  4.07 MB

MaxMetaspaceSize: unlimited
CompressedClassSpaceSize: 1.00 GB
Initial GC threshold: 21.00 MB
Current GC threshold: 99.31 MB
CDS: on
MetaspaceReclaimPolicy: balanced
 - commit_granule_bytes: 65536.
 - commit_granule_words: 8192.
 - virtual_space_node_default_size: 1048576.
 - enlarge_chunks_in_place: 1.
 - new_chunks_are_fully_committed: 0.
 - uncommit_free_chunks: 1.
 - use_allocation_guard: 0.
 - handle_deallocations: 1.


Internal statistics:

num_allocs_failed_limit: 6.
num_arena_births: 500.
num_arena_deaths: 148.
num_vsnodes_births: 8.
num_vsnodes_deaths: 0.
num_space_committed: 954.
num_space_uncommitted: 0.
num_chunks_returned_to_freelist: 208.
num_chunks_taken_from_freelist: 2860.
num_chunk_merges: 86.
num_chunk_splits: 1862.
num_chunks_enlarged: 1156.
num_purges: 16.
num_inconsistent_stats: 0.

CodeHeap 'non-profiled nmethods': size=120036Kb used=2686Kb max_used=2722Kb free=117350Kb
 bounds [0x00007f08fef7a000, 0x00007f08ff22a000, 0x00007f09064b3000]
CodeHeap 'profiled nmethods': size=120032Kb used=14918Kb max_used=16052Kb free=105113Kb
 bounds [0x00007f08f7a42000, 0x00007f08f8a02000, 0x00007f08fef7a000]
CodeHeap 'non-nmethods': size=5692Kb used=1393Kb max_used=1403Kb free=4298Kb
 bounds [0x00007f08f74b3000, 0x00007f08f7723000, 0x00007f08f7a42000]
 total_blobs=7709 nmethods=6978 adapters=629
 compilation: enabled
              stopped_count=0, restarted_count=0
 full_count=0

JVMCI Events (20 events):
Event: 799.892 Thread 0x00007f09100b2210 destroyed JavaVM[6]@0x00007f08bdb9e340 for JVMCI runtime 0
Event: 799.892 Thread 0x00007f09100b2210 compacted oop handles in JVMCI runtime 0 from 62 to 62
Event: 799.892 Thread 0x00007f09100b2210 releasing handles for JVMCI runtime 0: oop handles=62, metadata handles={total=128, live=110, blocks=38}
Event: 799.892 Thread 0x00007f09100b2210 detached from JVMCI runtime 0
Event: 799.892 Thread 0x00007f09100b2210 attached to JVMCI runtime 0
Event: 799.893 Thread 0x00007f09100b2210 created JavaVM[7]@0x00007f08bdb9e340 for JVMCI runtime 0
Event: 801.171 Thread 0x00007f09100b2210 initializing JVMCI runtime 0
Event: 801.171 Thread 0x00007f09100b2210 done waiting for JavaVM references initialization in JVMCI runtime 0
Event: 827.787 Thread 0x00007f09100b2210 initialized JVMCI runtime 0
Event: 832.872 Thread 0x00007f09100b2210 detaching from JVMCI runtime 0: releasing idle compiler thread (0 other threads still attached)
Event: 832.872 Thread 0x00007f09100b2210 shutting down HotSpotJVMCIRuntime for JVMCI runtime 0
Event: 832.872 Thread 0x00007f09100b2210 shut down JVMCI runtime 0
Event: 832.873 Thread 0x00007f09100b2210 destroyed JavaVM[7]@0x00007f08bdb9e340 for JVMCI runtime 0
Event: 832.873 Thread 0x00007f09100b2210 compacted oop handles in JVMCI runtime 0 from 43 to 43
Event: 832.873 Thread 0x00007f09100b2210 releasing handles for JVMCI runtime 0: oop handles=43, metadata handles={total=93, live=82, blocks=38}
Event: 832.873 Thread 0x00007f09100b2210 detached from JVMCI runtime 0
Event: 883.603 Thread 0x00007f09100b2210 attached to JVMCI runtime 0
Event: 883.606 Thread 0x00007f09100b2210 created JavaVM[8]@0x00007f08bdb9e340 for JVMCI runtime 0
Event: 883.606 Thread 0x00007f09100b2210 initializing JVMCI runtime 0
Event: 883.606 Thread 0x00007f09100b2210 done waiting for JavaVM references initialization in JVMCI runtime 0

Compilation events (20 events):
Event: 795.679 Thread 0x00007f09100b2210 nmethod 8933 0x00007f08ff222310 code [0x00007f08ff222480, 0x00007f08ff2225a0]
Event: 799.892 Thread 0x00007f09100b2210 8939       4       java.util.HashMap::<init> (8 bytes)
Event: 830.399 Thread 0x00007f09100b2210 nmethod 8939 0x00007f08ff222710 code [0x00007f08ff2228a0, 0x00007f08ff222990]
Event: 832.872 Thread 0x00007f09100b3720 8941       3       org.eclipse.jdt.internal.compiler.parser.Scanner::internalScanIdentifierOrKeyword (4733 bytes)
Event: 832.882 Thread 0x00007f09100b3720 nmethod 8941 0x00007f08f87cde90 code [0x00007f08f87cec00, 0x00007f08f87daec0]
Event: 832.882 Thread 0x00007f09100b3720 8940   !   3       org.eclipse.jdt.internal.compiler.parser.Scanner::jumpOverMethodBody (2085 bytes)
Event: 840.077 Thread 0x00007f09100b3720 nmethod 8940 0x00007f08f88b3210 code [0x00007f08f88b39e0, 0x00007f08f88bb820]
Event: 841.495 Thread 0x00007f09100b3720 8943       3       org.eclipse.jdt.internal.compiler.parser.Scanner::scanNumber (1704 bytes)
Event: 845.799 Thread 0x00007f09100b3720 nmethod 8943 0x00007f08f8448c90 code [0x00007f08f8449780, 0x00007f08f8450aa0]
Event: 845.799 Thread 0x00007f09100b3720 8942       3       org.eclipse.jdt.internal.codeassist.select.SelectionScanner::scanIdentifierOrKeyword (40 bytes)
Event: 845.799 Thread 0x00007f09100b3720 nmethod 8942 0x00007f08f8649990 code [0x00007f08f8649b40, 0x00007f08f8649d60]
Event: 849.887 Thread 0x00007f09100b3720 8944       3       org.eclipse.core.internal.filesystem.FileStoreUtil::comparePathSegments (34 bytes)
Event: 849.888 Thread 0x00007f09100b3720 nmethod 8944 0x00007f08f86f1490 code [0x00007f08f86f1660, 0x00007f08f86f1860]
Event: 853.871 Thread 0x00007f09100b3720 8945       3       java.util.concurrent.locks.ReentrantReadWriteLock::readLock (5 bytes)
Event: 853.871 Thread 0x00007f09100b3720 nmethod 8945 0x00007f08f870b090 code [0x00007f08f870b220, 0x00007f08f870b350]
Event: 876.852 Thread 0x00007f09100b3720 8946       3       java.util.stream.ReferencePipeline::toArray (18 bytes)
Event: 876.853 Thread 0x00007f09100b3720 nmethod 8946 0x00007f08f864d090 code [0x00007f08f864d260, 0x00007f08f864d600]
Event: 879.940 Thread 0x00007f09100b3720 8947       3       java.util.stream.ReferencePipeline::makeNodeBuilder (6 bytes)
Event: 879.940 Thread 0x00007f09100b3720 nmethod 8947 0x00007f08f8838710 code [0x00007f08f88388c0, 0x00007f08f8838a00]
Event: 883.603 Thread 0x00007f09100b2210 8948  s    4       org.eclipse.core.internal.watson.ElementTree::getElementData (61 bytes)

GC Heap History (20 events):
Event: 899.368 GC heap before
{Heap before GC invocations=725 (full 616):
 PSYoungGen      total 29696K, used 21503K [0x00000000f5580000, 0x00000000f7c00000, 0x0000000100000000)
  eden space 21504K, 99% used [0x00000000f5580000,0x00000000f6a7fff8,0x00000000f6a80000)
  from space 8192K, 0% used [0x00000000f7280000,0x00000000f7280000,0x00000000f7a80000)
  to   space 8192K, 0% used [0x00000000f6a80000,0x00000000f6a80000,0x00000000f7280000)
 ParOldGen       total 349696K, used 349688K [0x00000000e0000000, 0x00000000f5580000, 0x00000000f5580000)
  object space 349696K, 99% used [0x00000000e0000000,0x00000000f557e3d8,0x00000000f5580000)
 Metaspace       used 59924K, committed 61120K, reserved 1105920K
  class space    used 5927K, committed 6400K, reserved 1048576K
}
Event: 900.707 GC heap after
{Heap after GC invocations=725 (full 616):
 PSYoungGen      total 29696K, used 21503K [0x00000000f5580000, 0x00000000f7c00000, 0x0000000100000000)
  eden space 21504K, 99% used [0x00000000f5580000,0x00000000f6a7fff8,0x00000000f6a80000)
  from space 8192K, 0% used [0x00000000f6a80000,0x00000000f6a80000,0x00000000f7280000)
  to   space 8192K, 0% used [0x00000000f7280000,0x00000000f7280000,0x00000000f7a80000)
 ParOldGen       total 349696K, used 349688K [0x00000000e0000000, 0x00000000f5580000, 0x00000000f5580000)
  object space 349696K, 99% used [0x00000000e0000000,0x00000000f557e3d8,0x00000000f5580000)
 Metaspace       used 59924K, committed 61120K, reserved 1105920K
  class space    used 5927K, committed 6400K, reserved 1048576K
}
Event: 900.708 GC heap before
{Heap before GC invocations=726 (full 617):
 PSYoungGen      total 29696K, used 21503K [0x00000000f5580000, 0x00000000f7c00000, 0x0000000100000000)
  eden space 21504K, 99% used [0x00000000f5580000,0x00000000f6a7fff8,0x00000000f6a80000)
  from space 8192K, 0% used [0x00000000f6a80000,0x00000000f6a80000,0x00000000f7280000)
  to   space 8192K, 0% used [0x00000000f7280000,0x00000000f7280000,0x00000000f7a80000)
 ParOldGen       total 349696K, used 349691K [0x00000000e0000000, 0x00000000f5580000, 0x00000000f5580000)
  object space 349696K, 99% used [0x00000000e0000000,0x00000000f557edc8,0x00000000f5580000)
 Metaspace       used 59924K, committed 61120K, reserved 1105920K
  class space    used 5927K, committed 6400K, reserved 1048576K
}
Event: 902.054 GC heap after
{Heap after GC invocations=726 (full 617):
 PSYoungGen      total 29696K, used 21503K [0x00000000f5580000, 0x00000000f7c00000, 0x0000000100000000)
  eden space 21504K, 99% used [0x00000000f5580000,0x00000000f6a7fec8,0x00000000f6a80000)
  from space 8192K, 0% used [0x00000000f7280000,0x00000000f7280000,0x00000000f7a80000)
  to   space 8192K, 0% used [0x00000000f6a80000,0x00000000f6a80000,0x00000000f7280000)
 ParOldGen       total 349696K, used 349689K [0x00000000e0000000, 0x00000000f5580000, 0x00000000f5580000)
  object space 349696K, 99% used [0x00000000e0000000,0x00000000f557e6f8,0x00000000f5580000)
 Metaspace       used 59924K, committed 61120K, reserved 1105920K
  class space    used 5927K, committed 6400K, reserved 1048576K
}
Event: 902.054 GC heap before
{Heap before GC invocations=727 (full 618):
 PSYoungGen      total 29696K, used 21504K [0x00000000f5580000, 0x00000000f7c00000, 0x0000000100000000)
  eden space 21504K, 100% used [0x00000000f5580000,0x00000000f6a80000,0x00000000f6a80000)
  from space 8192K, 0% used [0x00000000f7280000,0x00000000f7280000,0x00000000f7a80000)
  to   space 8192K, 0% used [0x00000000f6a80000,0x00000000f6a80000,0x00000000f7280000)
 ParOldGen       total 349696K, used 349689K [0x00000000e0000000, 0x00000000f5580000, 0x00000000f5580000)
  object space 349696K, 99% used [0x00000000e0000000,0x00000000f557e6f8,0x00000000f5580000)
 Metaspace       used 59924K, committed 61120K, reserved 1105920K
  class space    used 5927K, committed 6400K, reserved 1048576K
}
Event: 903.381 GC heap after
{Heap after GC invocations=727 (full 618):
 PSYoungGen      total 29696K, used 21504K [0x00000000f5580000, 0x00000000f7c00000, 0x0000000100000000)
  eden space 21504K, 100% used [0x00000000f5580000,0x00000000f6a80000,0x00000000f6a80000)
  from space 8192K, 0% used [0x00000000f6a80000,0x00000000f6a80000,0x00000000f7280000)
  to   space 8192K, 0% used [0x00000000f7280000,0x00000000f7280000,0x00000000f7a80000)
 ParOldGen       total 349696K, used 349689K [0x00000000e0000000, 0x00000000f5580000, 0x00000000f5580000)
  object space 349696K, 99% used [0x00000000e0000000,0x00000000f557e6f8,0x00000000f5580000)
 Metaspace       used 59924K, committed 61120K, reserved 1105920K
  class space    used 5927K, committed 6400K, reserved 1048576K
}
Event: 903.384 GC heap before
{Heap before GC invocations=728 (full 619):
 PSYoungGen      total 29696K, used 21504K [0x00000000f5580000, 0x00000000f7c00000, 0x0000000100000000)
  eden space 21504K, 100% used [0x00000000f5580000,0x00000000f6a80000,0x00000000f6a80000)
  from space 8192K, 0% used [0x00000000f6a80000,0x00000000f6a80000,0x00000000f7280000)
  to   space 8192K, 0% used [0x00000000f7280000,0x00000000f7280000,0x00000000f7a80000)
 ParOldGen       total 349696K, used 349692K [0x00000000e0000000, 0x00000000f5580000, 0x00000000f5580000)
  object space 349696K, 99% used [0x00000000e0000000,0x00000000f557f3d8,0x00000000f5580000)
 Metaspace       used 59924K, committed 61120K, reserved 1105920K
  class space    used 5927K, committed 6400K, reserved 1048576K
}
Event: 904.784 GC heap after
{Heap after GC invocations=728 (full 619):
 PSYoungGen      total 29696K, used 21504K [0x00000000f5580000, 0x00000000f7c00000, 0x0000000100000000)
  eden space 21504K, 100% used [0x00000000f5580000,0x00000000f6a80000,0x00000000f6a80000)
  from space 8192K, 0% used [0x00000000f7280000,0x00000000f7280000,0x00000000f7a80000)
  to   space 8192K, 0% used [0x00000000f6a80000,0x00000000f6a80000,0x00000000f7280000)
 ParOldGen       total 349696K, used 349691K [0x00000000e0000000, 0x00000000f5580000, 0x00000000f5580000)
  object space 349696K, 99% used [0x00000000e0000000,0x00000000f557ee90,0x00000000f5580000)
 Metaspace       used 59924K, committed 61120K, reserved 1105920K
  class space    used 5927K, committed 6400K, reserved 1048576K
}
Event: 904.784 GC heap before
{Heap before GC invocations=729 (full 620):
 PSYoungGen      total 29696K, used 21504K [0x00000000f5580000, 0x00000000f7c00000, 0x0000000100000000)
  eden space 21504K, 100% used [0x00000000f5580000,0x00000000f6a80000,0x00000000f6a80000)
  from space 8192K, 0% used [0x00000000f7280000,0x00000000f7280000,0x00000000f7a80000)
  to   space 8192K, 0% used [0x00000000f6a80000,0x00000000f6a80000,0x00000000f7280000)
 ParOldGen       total 349696K, used 349695K [0x00000000e0000000, 0x00000000f5580000, 0x00000000f5580000)
  object space 349696K, 99% used [0x00000000e0000000,0x00000000f557ff70,0x00000000f5580000)
 Metaspace       used 59926K, committed 61120K, reserved 1105920K
  class space    used 5928K, committed 6400K, reserved 1048576K
}
Event: 906.069 GC heap after
{Heap after GC invocations=729 (full 620):
 PSYoungGen      total 29696K, used 21504K [0x00000000f5580000, 0x00000000f7c00000, 0x0000000100000000)
  eden space 21504K, 100% used [0x00000000f5580000,0x00000000f6a80000,0x00000000f6a80000)
  from space 8192K, 0% used [0x00000000f6a80000,0x00000000f6a80000,0x00000000f7280000)
  to   space 8192K, 0% used [0x00000000f7280000,0x00000000f7280000,0x00000000f7a80000)
 ParOldGen       total 349696K, used 349695K [0x00000000e0000000, 0x00000000f5580000, 0x00000000f5580000)
  object space 349696K, 99% used [0x00000000e0000000,0x00000000f557fca8,0x00000000f5580000)
 Metaspace       used 59926K, committed 61120K, reserved 1105920K
  class space    used 5928K, committed 6400K, reserved 1048576K
}
Event: 906.071 GC heap before
{Heap before GC invocations=730 (full 621):
 PSYoungGen      total 29696K, used 21504K [0x00000000f5580000, 0x00000000f7c00000, 0x0000000100000000)
  eden space 21504K, 100% used [0x00000000f5580000,0x00000000f6a80000,0x00000000f6a80000)
  from space 8192K, 0% used [0x00000000f6a80000,0x00000000f6a80000,0x00000000f7280000)
  to   space 8192K, 0% used [0x00000000f7280000,0x00000000f7280000,0x00000000f7a80000)
 ParOldGen       total 349696K, used 349696K [0x00000000e0000000, 0x00000000f5580000, 0x00000000f5580000)
  object space 349696K, 100% used [0x00000000e0000000,0x00000000f5580000,0x00000000f5580000)
 Metaspace       used 59926K, committed 61120K, reserved 1105920K
  class space    used 5928K, committed 6400K, reserved 1048576K
}
Event: 907.461 GC heap after
{Heap after GC invocations=730 (full 621):
 PSYoungGen      total 29696K, used 21504K [0x00000000f5580000, 0x00000000f7c00000, 0x0000000100000000)
  eden space 21504K, 100% used [0x00000000f5580000,0x00000000f6a80000,0x00000000f6a80000)
  from space 8192K, 0% used [0x00000000f7280000,0x00000000f7280000,0x00000000f7a80000)
  to   space 8192K, 0% used [0x00000000f6a80000,0x00000000f6a80000,0x00000000f7280000)
 ParOldGen       total 349696K, used 349695K [0x00000000e0000000, 0x00000000f5580000, 0x00000000f5580000)
  object space 349696K, 99% used [0x00000000e0000000,0x00000000f557fe98,0x00000000f5580000)
 Metaspace       used 59926K, committed 61120K, reserved 1105920K
  class space    used 5928K, committed 6400K, reserved 1048576K
}
Event: 907.463 GC heap before
{Heap before GC invocations=731 (full 622):
 PSYoungGen      total 29696K, used 21504K [0x00000000f5580000, 0x00000000f7c00000, 0x0000000100000000)
  eden space 21504K, 100% used [0x00000000f5580000,0x00000000f6a80000,0x00000000f6a80000)
  from space 8192K, 0% used [0x00000000f7280000,0x00000000f7280000,0x00000000f7a80000)
  to   space 8192K, 0% used [0x00000000f6a80000,0x00000000f6a80000,0x00000000f7280000)
 ParOldGen       total 349696K, used 349695K [0x00000000e0000000, 0x00000000f5580000, 0x00000000f5580000)
  object space 349696K, 99% used [0x00000000e0000000,0x00000000f557ff58,0x00000000f5580000)
 Metaspace       used 59926K, committed 61120K, reserved 1105920K
  class space    used 5928K, committed 6400K, reserved 1048576K
}
Event: 908.736 GC heap after
{Heap after GC invocations=731 (full 622):
 PSYoungGen      total 29696K, used 21504K [0x00000000f5580000, 0x00000000f7c00000, 0x0000000100000000)
  eden space 21504K, 100% used [0x00000000f5580000,0x00000000f6a80000,0x00000000f6a80000)
  from space 8192K, 0% used [0x00000000f6a80000,0x00000000f6a80000,0x00000000f7280000)
  to   space 8192K, 0% used [0x00000000f7280000,0x00000000f7280000,0x00000000f7a80000)
 ParOldGen       total 349696K, used 349695K [0x00000000e0000000, 0x00000000f5580000, 0x00000000f5580000)
  object space 349696K, 99% used [0x00000000e0000000,0x00000000f557fe98,0x00000000f5580000)
 Metaspace       used 59926K, committed 61120K, reserved 1105920K
  class space    used 5928K, committed 6400K, reserved 1048576K
}
Event: 908.736 GC heap before
{Heap before GC invocations=732 (full 623):
 PSYoungGen      total 29696K, used 21504K [0x00000000f5580000, 0x00000000f7c00000, 0x0000000100000000)
  eden space 21504K, 100% used [0x00000000f5580000,0x00000000f6a80000,0x00000000f6a80000)
  from space 8192K, 0% used [0x00000000f6a80000,0x00000000f6a80000,0x00000000f7280000)
  to   space 8192K, 0% used [0x00000000f7280000,0x00000000f7280000,0x00000000f7a80000)
 ParOldGen       total 349696K, used 349695K [0x00000000e0000000, 0x00000000f5580000, 0x00000000f5580000)
  object space 349696K, 99% used [0x00000000e0000000,0x00000000f557fff8,0x00000000f5580000)
 Metaspace       used 59926K, committed 61120K, reserved 1105920K
  class space    used 5928K, committed 6400K, reserved 1048576K
}
Event: 910.214 GC heap after
{Heap after GC invocations=732 (full 623):
 PSYoungGen      total 29696K, used 21504K [0x00000000f5580000, 0x00000000f7c00000, 0x0000000100000000)
  eden space 21504K, 100% used [0x00000000f5580000,0x00000000f6a80000,0x00000000f6a80000)
  from space 8192K, 0% used [0x00000000f7280000,0x00000000f7280000,0x00000000f7a80000)
  to   space 8192K, 0% used [0x00000000f6a80000,0x00000000f6a80000,0x00000000f7280000)
 ParOldGen       total 349696K, used 349695K [0x00000000e0000000, 0x00000000f5580000, 0x00000000f5580000)
  object space 349696K, 99% used [0x00000000e0000000,0x00000000f557fe98,0x00000000f5580000)
 Metaspace       used 59926K, committed 61120K, reserved 1105920K
  class space    used 5928K, committed 6400K, reserved 1048576K
}
Event: 910.215 GC heap before
{Heap before GC invocations=733 (full 624):
 PSYoungGen      total 29696K, used 21504K [0x00000000f5580000, 0x00000000f7c00000, 0x0000000100000000)
  eden space 21504K, 100% used [0x00000000f5580000,0x00000000f6a80000,0x00000000f6a80000)
  from space 8192K, 0% used [0x00000000f7280000,0x00000000f7280000,0x00000000f7a80000)
  to   space 8192K, 0% used [0x00000000f6a80000,0x00000000f6a80000,0x00000000f7280000)
 ParOldGen       total 349696K, used 349695K [0x00000000e0000000, 0x00000000f5580000, 0x00000000f5580000)
  object space 349696K, 99% used [0x00000000e0000000,0x00000000f557ff30,0x00000000f5580000)
 Metaspace       used 59926K, committed 61120K, reserved 1105920K
  class space    used 5928K, committed 6400K, reserved 1048576K
}
Event: 911.670 GC heap after
{Heap after GC invocations=733 (full 624):
 PSYoungGen      total 29696K, used 21504K [0x00000000f5580000, 0x00000000f7c00000, 0x0000000100000000)
  eden space 21504K, 100% used [0x00000000f5580000,0x00000000f6a80000,0x00000000f6a80000)
  from space 8192K, 0% used [0x00000000f6a80000,0x00000000f6a80000,0x00000000f7280000)
  to   space 8192K, 0% used [0x00000000f7280000,0x00000000f7280000,0x00000000f7a80000)
 ParOldGen       total 349696K, used 349695K [0x00000000e0000000, 0x00000000f5580000, 0x00000000f5580000)
  object space 349696K, 99% used [0x00000000e0000000,0x00000000f557fec0,0x00000000f5580000)
 Metaspace       used 59926K, committed 61120K, reserved 1105920K
  class space    used 5928K, committed 6400K, reserved 1048576K
}
Event: 911.670 GC heap before
{Heap before GC invocations=734 (full 625):
 PSYoungGen      total 29696K, used 21504K [0x00000000f5580000, 0x00000000f7c00000, 0x0000000100000000)
  eden space 21504K, 100% used [0x00000000f5580000,0x00000000f6a80000,0x00000000f6a80000)
  from space 8192K, 0% used [0x00000000f6a80000,0x00000000f6a80000,0x00000000f7280000)
  to   space 8192K, 0% used [0x00000000f7280000,0x00000000f7280000,0x00000000f7a80000)
 ParOldGen       total 349696K, used 349695K [0x00000000e0000000, 0x00000000f5580000, 0x00000000f5580000)
  object space 349696K, 99% used [0x00000000e0000000,0x00000000f557fec0,0x00000000f5580000)
 Metaspace       used 59926K, committed 61120K, reserved 1105920K
  class space    used 5928K, committed 6400K, reserved 1048576K
}
Event: 913.222 GC heap after
{Heap after GC invocations=734 (full 625):
 PSYoungGen      total 29696K, used 21504K [0x00000000f5580000, 0x00000000f7c00000, 0x0000000100000000)
  eden space 21504K, 100% used [0x00000000f5580000,0x00000000f6a80000,0x00000000f6a80000)
  from space 8192K, 0% used [0x00000000f7280000,0x00000000f7280000,0x00000000f7a80000)
  to   space 8192K, 0% used [0x00000000f6a80000,0x00000000f6a80000,0x00000000f7280000)
 ParOldGen       total 349696K, used 349695K [0x00000000e0000000, 0x00000000f5580000, 0x00000000f5580000)
  object space 349696K, 99% used [0x00000000e0000000,0x00000000f557fec0,0x00000000f5580000)
 Metaspace       used 59926K, committed 61120K, reserved 1105920K
  class space    used 5928K, committed 6400K, reserved 1048576K
}

Dll operation events (9 events):
Event: 0.048 Loaded shared library /nix/store/gpxl5qgg8kicmcvivwmybwjlpf7wh20l-graalvm17-ce-22.3.0/lib/libjava.so
Event: 0.086 Loaded shared library /nix/store/gpxl5qgg8kicmcvivwmybwjlpf7wh20l-graalvm17-ce-22.3.0/lib/libjsvml.so
Event: 0.437 Loaded shared library /nix/store/gpxl5qgg8kicmcvivwmybwjlpf7wh20l-graalvm17-ce-22.3.0/lib/libnio.so
Event: 0.443 Loaded shared library /nix/store/gpxl5qgg8kicmcvivwmybwjlpf7wh20l-graalvm17-ce-22.3.0/lib/libzip.so
Event: 0.450 Loaded shared library /nix/store/gpxl5qgg8kicmcvivwmybwjlpf7wh20l-graalvm17-ce-22.3.0/lib/libjvmcicompiler.so
Event: 1.086 Loaded shared library /nix/store/gpxl5qgg8kicmcvivwmybwjlpf7wh20l-graalvm17-ce-22.3.0/lib/libjimage.so
Event: 1.877 Loaded shared library /nix/store/gpxl5qgg8kicmcvivwmybwjlpf7wh20l-graalvm17-ce-22.3.0/lib/libnet.so
Event: 7.922 Loaded shared library /home/runner/.cache/jdt-language-server/config/org.eclipse.equinox.launcher/org.eclipse.equinox.launcher.gtk.linux.x86_64_1.2.400.v20211117-0650/eclipse_11600.so
Event: 18.415 Loaded shared library /nix/store/gpxl5qgg8kicmcvivwmybwjlpf7wh20l-graalvm17-ce-22.3.0/lib/libextnet.so

Deoptimization events (20 events):
Event: 74.650 Thread 0x00007f08a4491c90 DEOPT PACKING pc=0x00007f08f853e085 sp=0x00007f08bf7fe530
Event: 74.650 Thread 0x00007f08a4491c90 DEOPT UNPACKING pc=0x00007f08f7505325 sp=0x00007f08bf7fda20 mode 0
Event: 74.653 Thread 0x00007f08a4491c90 DEOPT PACKING pc=0x00007f08f853e014 sp=0x00007f08bf7fe530
Event: 74.653 Thread 0x00007f08a4491c90 DEOPT UNPACKING pc=0x00007f08f7505325 sp=0x00007f08bf7fda20 mode 0
Event: 74.659 Thread 0x00007f08a4491c90 DEOPT PACKING pc=0x00007f08f853e085 sp=0x00007f08bf7fe530
Event: 74.659 Thread 0x00007f08a4491c90 DEOPT UNPACKING pc=0x00007f08f7505325 sp=0x00007f08bf7fda20 mode 0
Event: 76.501 Thread 0x00007f08a4491c90 DEOPT PACKING pc=0x00007f08f853e085 sp=0x00007f08bf7fe530
Event: 76.501 Thread 0x00007f08a4491c90 DEOPT UNPACKING pc=0x00007f08f7505325 sp=0x00007f08bf7fda20 mode 0
Event: 76.503 Thread 0x00007f08a4491c90 DEOPT PACKING pc=0x00007f08f853e085 sp=0x00007f08bf7fe530
Event: 76.503 Thread 0x00007f08a4491c90 DEOPT UNPACKING pc=0x00007f08f7505325 sp=0x00007f08bf7fda20 mode 0
Event: 367.507 Thread 0x00007f09100b2210 DEOPT PACKING pc=0x00007f08f85ce43a sp=0x00007f08f4645ef0
Event: 367.507 Thread 0x00007f09100b2210 DEOPT UNPACKING pc=0x00007f08f7505325 sp=0x00007f08f4645458 mode 0
Event: 806.153 Thread 0x00007f0874112a50 Uncommon trap: trap_request=0xffffffed fr.pc=0x00007f08ff1d7953 relative=0x0000000000001813
Event: 806.153 Thread 0x00007f0874112a50 Uncommon trap: reason=null_assert_or_unreached0 action=reinterpret pc=0x00007f08ff1d7953 method=org.eclipse.jdt.internal.compiler.parser.Scanner.internalScanIdentifierOrKeyword(II[C)I @ 0 jvmci
Event: 806.153 Thread 0x00007f0874112a50 DEOPT PACKING pc=0x00007f08ff1d7953 sp=0x00007f08be7fe020
Event: 806.153 Thread 0x00007f0874112a50 DEOPT UNPACKING pc=0x00007f08f7505325 sp=0x00007f08be7fd4b0 mode 3
Event: 812.484 Thread 0x00007f0874112a50 Uncommon trap: trap_request=0xffffffcd fr.pc=0x00007f08ff0607f7 relative=0x0000000000000cf7
Event: 812.484 Thread 0x00007f0874112a50 Uncommon trap: reason=intrinsic_or_type_checked_inlining action=reinterpret pc=0x00007f08ff0607f7 method=org.eclipse.jdt.internal.compiler.parser.Scanner.getNextToken0()I @ 2842 jvmci
Event: 812.484 Thread 0x00007f0874112a50 DEOPT PACKING pc=0x00007f08ff0607f7 sp=0x00007f08be7fddd0
Event: 812.484 Thread 0x00007f0874112a50 DEOPT UNPACKING pc=0x00007f08f7505325 sp=0x00007f08be7fd210 mode 3

Classes unloaded (20 events):
Event: 193.499 Thread 0x00007f09100a1c10 Unloading class 0x0000000801131000 'jdk/internal/reflect/GeneratedSerializationConstructorAccessor17'
Event: 193.499 Thread 0x00007f09100a1c10 Unloading class 0x0000000801130c00 'jdk/internal/reflect/GeneratedSerializationConstructorAccessor16'
Event: 193.499 Thread 0x00007f09100a1c10 Unloading class 0x0000000801130800 'jdk/internal/reflect/GeneratedSerializationConstructorAccessor15'
Event: 193.499 Thread 0x00007f09100a1c10 Unloading class 0x0000000801130400 'jdk/internal/reflect/GeneratedConstructorAccessor38'
Event: 193.499 Thread 0x00007f09100a1c10 Unloading class 0x0000000801128000 'jdk/internal/reflect/GeneratedSerializationConstructorAccessor14'
Event: 193.499 Thread 0x00007f09100a1c10 Unloading class 0x0000000801127c00 'jdk/internal/reflect/GeneratedSerializationConstructorAccessor13'
Event: 193.499 Thread 0x00007f09100a1c10 Unloading class 0x0000000801127800 'jdk/internal/reflect/GeneratedSerializationConstructorAccessor12'
Event: 193.499 Thread 0x00007f09100a1c10 Unloading class 0x0000000801127400 'jdk/internal/reflect/GeneratedMethodAccessor12'
Event: 193.499 Thread 0x00007f09100a1c10 Unloading class 0x0000000801126c00 'jdk/internal/reflect/GeneratedSerializationConstructorAccessor11'
Event: 193.499 Thread 0x00007f09100a1c10 Unloading class 0x0000000801126800 'jdk/internal/reflect/GeneratedSerializationConstructorAccessor10'
Event: 193.499 Thread 0x00007f09100a1c10 Unloading class 0x0000000801126400 'jdk/internal/reflect/GeneratedSerializationConstructorAccessor9'
Event: 193.499 Thread 0x00007f09100a1c10 Unloading class 0x0000000801126000 'jdk/internal/reflect/GeneratedSerializationConstructorAccessor8'
Event: 193.499 Thread 0x00007f09100a1c10 Unloading class 0x000000080109a400 'jdk/internal/reflect/GeneratedSerializationConstructorAccessor2'
Event: 193.499 Thread 0x00007f09100a1c10 Unloading class 0x000000080109a000 'jdk/internal/reflect/GeneratedSerializationConstructorAccessor1'
Event: 196.568 Thread 0x00007f09100a1c10 Unloading class 0x0000000801127000 'jdk/internal/reflect/GeneratedMethodAccessor11'
Event: 196.568 Thread 0x00007f09100a1c10 Unloading class 0x0000000801123000 'jdk/internal/reflect/GeneratedConstructorAccessor37'
Event: 196.568 Thread 0x00007f09100a1c10 Unloading class 0x00000008010ecc00 'jdk/internal/reflect/GeneratedMethodAccessor10'
Event: 196.568 Thread 0x00007f09100a1c10 Unloading class 0x00000008010ec800 'jdk/internal/reflect/GeneratedMethodAccessor9'
Event: 196.568 Thread 0x00007f09100a1c10 Unloading class 0x00000008010ec400 'jdk/internal/reflect/GeneratedMethodAccessor8'
Event: 196.568 Thread 0x00007f09100a1c10 Unloading class 0x00000008010ec000 'jdk/internal/reflect/GeneratedMethodAccessor7'

Classes redefined (0 events):
No events

Internal exceptions (20 events):
Event: 42.767 Thread 0x00007f0890000ff0 Exception <a 'java/lang/NoSuchMethodError'{0x00000000f5838a28}: 'java.lang.Object java.lang.invoke.DirectMethodHandle$Holder.invokeSpecial(java.lang.Object, java.lang.Object, java.lang.Object, java.lang.Object, int, java.lang.Object)'> (0x00000000f5838a28) 
thrown [src/hotspot/share/interpreter/linkResolver.cpp, line 758]
Event: 42.768 Thread 0x00007f0890000ff0 Exception <a 'java/lang/NoSuchMethodError'{0x00000000f583cdf0}: 'java.lang.Object java.lang.invoke.Invokers$Holder.linkToTargetMethod(java.lang.Object, java.lang.Object, int, java.lang.Object, java.lang.Object)'> (0x00000000f583cdf0) 
thrown [src/hotspot/share/interpreter/linkResolver.cpp, line 758]
Event: 47.750 Thread 0x00007f0890000ff0 Exception <a 'java/lang/NoSuchMethodError'{0x00000000f626e7b8}: 'java.lang.Object java.lang.invoke.DirectMethodHandle$Holder.invokeStatic(java.lang.Object, java.lang.Object, java.lang.Object, long)'> (0x00000000f626e7b8) 
thrown [src/hotspot/share/interpreter/linkResolver.cpp, line 758]
Event: 47.751 Thread 0x00007f0890000ff0 Exception <a 'java/lang/NoSuchMethodError'{0x00000000f6401490}: 'java.lang.Object java.lang.invoke.DirectMethodHandle$Holder.newInvokeSpecial(java.lang.Object, java.lang.Object, java.lang.Object, long)'> (0x00000000f6401490) 
thrown [src/hotspot/share/interpreter/linkResolver.cpp, line 758]
Event: 47.752 Thread 0x00007f0890000ff0 Exception <a 'java/lang/NoSuchMethodError'{0x00000000f6406870}: 'java.lang.Object java.lang.invoke.DirectMethodHandle$Holder.invokeSpecial(java.lang.Object, java.lang.Object, java.lang.Object, java.lang.Object, long)'> (0x00000000f6406870) 
thrown [src/hotspot/share/interpreter/linkResolver.cpp, line 758]
Event: 47.752 Thread 0x00007f0890000ff0 Exception <a 'java/lang/NoSuchMethodError'{0x00000000f640a880}: 'java.lang.Object java.lang.invoke.Invokers$Holder.linkToTargetMethod(java.lang.Object, java.lang.Object, long, java.lang.Object)'> (0x00000000f640a880) 
thrown [src/hotspot/share/interpreter/linkResolver.cpp, line 758]
Event: 48.162 Thread 0x00007f0890000ff0 Exception <a 'java/io/FileNotFoundException'{0x00000000f5fb1150}> (0x00000000f5fb1150) 
thrown [src/hotspot/share/prims/jni.cpp, line 516]
Event: 48.249 Thread 0x00007f0890000ff0 Exception <a 'java/lang/NoSuchMethodError'{0x00000000f617f8f8}: 'java.lang.Object java.lang.invoke.DirectMethodHandle$Holder.newInvokeSpecial(java.lang.Object, java.lang.Object, int, java.lang.Object, java.lang.Object)'> (0x00000000f617f8f8) 
thrown [src/hotspot/share/interpreter/linkResolver.cpp, line 758]
Event: 48.249 Thread 0x00007f0890000ff0 Exception <a 'java/lang/NoSuchMethodError'{0x00000000f6184e48}: 'java.lang.Object java.lang.invoke.DirectMethodHandle$Holder.invokeSpecial(java.lang.Object, java.lang.Object, java.lang.Object, int, java.lang.Object, java.lang.Object)'> (0x00000000f6184e48) 
thrown [src/hotspot/share/interpreter/linkResolver.cpp, line 758]
Event: 50.089 Thread 0x00007f087417f730 Implicit null exception at 0x00007f08ff169422 to 0x00007f08ff1697ac
Event: 50.576 Thread 0x00007f087417f730 Implicit null exception at 0x00007f08ff0c15c2 to 0x00007f08ff0c1b35
Event: 53.753 Thread 0x00007f087417f730 Exception <a 'java/lang/NoSuchMethodError'{0x00000000f5f854f8}: 'java.lang.Object java.lang.invoke.DirectMethodHandle$Holder.invokeStatic(java.lang.Object, int, java.lang.Object, java.lang.Object, java.lang.Object, java.lang.Object)'> (0x00000000f5f854f8) 
thrown [src/hotspot/share/interpreter/linkResolver.cpp, line 758]
Event: 53.755 Thread 0x00007f087417f730 Exception <a 'java/lang/NoSuchMethodError'{0x00000000f614cb48}: 'java.lang.Object java.lang.invoke.DirectMethodHandle$Holder.newInvokeSpecial(java.lang.Object, int, java.lang.Object, java.lang.Object, java.lang.Object)'> (0x00000000f614cb48) 
thrown [src/hotspot/share/interpreter/linkResolver.cpp, line 758]
Event: 54.170 Thread 0x00007f087417f730 Exception <a 'java/lang/NoSuchMethodError'{0x00000000f6ab3858}: 'void java.lang.invoke.DirectMethodHandle$Holder.invokeSpecial(java.lang.Object, java.lang.Object, int)'> (0x00000000f6ab3858) 
thrown [src/hotspot/share/interpreter/linkResolver.cpp, line 758]
Event: 55.270 Thread 0x00007f087417f730 Exception <a 'java/lang/NoSuchMethodError'{0x00000000f5c27f40}: 'int java.lang.invoke.DirectMethodHandle$Holder.invokeSpecialIFC(java.lang.Object, java.lang.Object, java.lang.Object, java.lang.Object)'> (0x00000000f5c27f40) 
thrown [src/hotspot/share/interpreter/linkResolver.cpp, line 758]
Event: 55.459 Thread 0x00007f08a4491c90 Implicit null exception at 0x00007f08ff1a3ed2 to 0x00007f08ff1a808b
Event: 832.872 Thread 0x00007f09104b6a50 Exception <a 'java/lang/OutOfMemoryError'{0x00000000e0011208}> (0x00000000e0011208) 
thrown [src/hotspot/share/gc/shared/memAllocator.cpp, line 136]
Event: 837.266 Thread 0x00007f09104b6a50 Exception <a 'java/lang/reflect/InvocationTargetException'{0x00000000f557afa0}> (0x00000000f557afa0) 
thrown [src/hotspot/share/runtime/reflection.cpp, line 1119]
Event: 891.365 Thread 0x00007f0874112fd0 Exception <a 'java/lang/OutOfMemoryError'{0x00000000e00114d8}> (0x00000000e00114d8) 
thrown [src/hotspot/share/gc/shared/memAllocator.cpp, line 136]
Event: 913.222 Thread 0x00007f09100b2210 Exception <a 'java/lang/OutOfMemoryError'{0x00000000e0011ac8}> (0x00000000e0011ac8) 
thrown [src/hotspot/share/gc/shared/memAllocator.cpp, line 136]

VM Operations (20 events):
Event: 898.088 Executing VM operation: ParallelGCFailedAllocation
Event: 899.368 Executing VM operation: ParallelGCFailedAllocation done
Event: 899.368 Executing VM operation: ParallelGCFailedAllocation
Event: 900.707 Executing VM operation: ParallelGCFailedAllocation done
Event: 900.708 Executing VM operation: ParallelGCFailedAllocation
Event: 902.054 Executing VM operation: ParallelGCFailedAllocation done
Event: 902.054 Executing VM operation: ParallelGCFailedAllocation
Event: 903.381 Executing VM operation: ParallelGCFailedAllocation done
Event: 903.384 Executing VM operation: ParallelGCFailedAllocation
Event: 904.784 Executing VM operation: ParallelGCFailedAllocation done
Event: 904.784 Executing VM operation: ParallelGCFailedAllocation
Event: 906.069 Executing VM operation: ParallelGCFailedAllocation done
Event: 906.071 Executing VM operation: ParallelGCFailedAllocation
Event: 907.461 Executing VM operation: ParallelGCFailedAllocation done
Event: 907.461 Executing VM operation: ParallelGCFailedAllocation
Event: 908.736 Executing VM operation: ParallelGCFailedAllocation done
Event: 908.736 Executing VM operation: ParallelGCFailedAllocation
Event: 910.215 Executing VM operation: ParallelGCFailedAllocation done
Event: 910.215 Executing VM operation: ParallelGCFailedAllocation
Event: 913.222 Executing VM operation: ParallelGCFailedAllocation done

Events (20 events):
Event: 120.185 Thread 0x00007f08a43148b0 Thread exited: 0x00007f08a43148b0
Event: 266.349 Thread 0x00007f088c0010d0 Thread exited: 0x00007f088c0010d0
Event: 370.276 loading class java/io/InterruptedIOException
Event: 370.276 loading class java/io/InterruptedIOException done
Event: 370.276 loading class javax/net/ssl/SSLException
Event: 370.276 loading class javax/net/ssl/SSLException done
Event: 370.276 loading class java/lang/AssertionError
Event: 370.276 loading class java/lang/AssertionError done
Event: 370.276 Thread 0x00007f089445e580 Thread exited: 0x00007f089445e580
Event: 371.685 Thread 0x00007f0870001dd0 Thread exited: 0x00007f0870001dd0
Event: 423.406 Thread 0x00007f089445f2f0 Thread exited: 0x00007f089445f2f0
Event: 521.586 Thread 0x00007f0874112a50 Thread added: 0x00007f0874112a50
Event: 521.586 Protecting memory [0x00007f08be700000,0x00007f08be704000] with protection modes 0
Event: 597.352 Thread 0x00007f0874112fd0 Thread added: 0x00007f0874112fd0
Event: 597.352 Protecting memory [0x00007f08be500000,0x00007f08be504000] with protection modes 0
Event: 695.852 Thread 0x00007f08740648e0 Thread added: 0x00007f08740648e0
Event: 695.852 Protecting memory [0x00007f08be900000,0x00007f08be904000] with protection modes 0
Event: 848.506 Thread 0x00007f09100b4b70 flushing nmethod 0x00007f08ff119210
Event: 848.507 Thread 0x00007f09100b4b70 flushing nmethod 0x00007f08ff185610
Event: 891.365 loading class java/nio/charset/IllegalCharsetNameException


Dynamic libraries:
e0000000-f5580000 rw-p 00000000 00:00 0 
f5580000-f7c00000 rw-p 00000000 00:00 0 
f7c00000-100000000 ---p 00000000 00:00 0 
800000000-800449000 rw-p 00001000 00:101d 4611686019135357769            /nix/store/gpxl5qgg8kicmcvivwmybwjlpf7wh20l-graalvm17-ce-22.3.0/lib/server/classes.jsa
800449000-800bc8000 r--p 0044a000 00:101d 4611686019135357769            /nix/store/gpxl5qgg8kicmcvivwmybwjlpf7wh20l-graalvm17-ce-22.3.0/lib/server/classes.jsa
800bc8000-800c00000 ---p 00000000 00:00 0 
800c00000-800c20000 rw-p 00000000 00:00 0 
800c20000-800c40000 rw-p 00000000 00:00 0 
800c40000-800cc0000 rw-p 00000000 00:00 0 
800cc0000-800d00000 rw-p 00000000 00:00 0 
800d00000-800dc0000 rw-p 00000000 00:00 0 
800dc0000-800e00000 rw-p 00000000 00:00 0 
800e00000-800f40000 rw-p 00000000 00:00 0 
800f40000-800fc0000 rw-p 00000000 00:00 0 
800fc0000-801000000 rw-p 00000000 00:00 0 
801000000-801240000 rw-p 00000000 00:00 0 
801240000-840c00000 ---p 00000000 00:00 0 
56374d9b5000-56374d9b6000 r-xp 00000000 00:101d 4611686019099417844      /nix/store/gpxl5qgg8kicmcvivwmybwjlpf7wh20l-graalvm17-ce-22.3.0/bin/.java-wrapped
56374d9b7000-56374d9b8000 r--p 00001000 00:101d 4611686019099417844      /nix/store/gpxl5qgg8kicmcvivwmybwjlpf7wh20l-graalvm17-ce-22.3.0/bin/.java-wrapped
56374d9b8000-56374d9b9000 rw-p 00002000 00:101d 4611686019099417844      /nix/store/gpxl5qgg8kicmcvivwmybwjlpf7wh20l-graalvm17-ce-22.3.0/bin/.java-wrapped
56374d9b9000-56374d9ba000 rw-p 00004000 00:101d 4611686019099417844      /nix/store/gpxl5qgg8kicmcvivwmybwjlpf7wh20l-graalvm17-ce-22.3.0/bin/.java-wrapped
56374d9ba000-56374d9bb000 rw-p 00005000 00:101d 4611686019099417844      /nix/store/gpxl5qgg8kicmcvivwmybwjlpf7wh20l-graalvm17-ce-22.3.0/bin/.java-wrapped
56374f1af000-56374f1f7000 rw-p 00000000 00:00 0                          [heap]
7f084c000000-7f084c021000 rw-p 00000000 00:00 0 
7f084c021000-7f0850000000 ---p 00000000 00:00 0 
7f0850000000-7f085023c000 rw-p 00000000 00:00 0 
7f085023c000-7f0854000000 ---p 00000000 00:00 0 
7f0854000000-7f0854021000 rw-p 00000000 00:00 0 
7f0854021000-7f0858000000 ---p 00000000 00:00 0 
7f0858000000-7f0858021000 rw-p 00000000 00:00 0 
7f0858021000-7f085c000000 ---p 00000000 00:00 0 
7f085c000000-7f085c021000 rw-p 00000000 00:00 0 
7f085c021000-7f0860000000 ---p 00000000 00:00 0 
7f08624b3000-7f086c000000 r--s 00000000 00:101d 4611686019135192581      /nix/store/gpxl5qgg8kicmcvivwmybwjlpf7wh20l-graalvm17-ce-22.3.0/lib/modules
7f086c000000-7f086c048000 rw-p 00000000 00:00 0 
7f086c048000-7f0870000000 ---p 00000000 00:00 0 
7f0870000000-7f0870021000 rw-p 00000000 00:00 0 
7f0870021000-7f0874000000 ---p 00000000 00:00 0 
7f0874000000-7f08741be000 rw-p 00000000 00:00 0 
7f08741be000-7f0878000000 ---p 00000000 00:00 0 
7f0878000000-7f0878021000 rw-p 00000000 00:00 0 
7f0878021000-7f087c000000 ---p 00000000 00:00 0 
7f087c000000-7f087c021000 rw-p 00000000 00:00 0 
7f087c021000-7f0880000000 ---p 00000000 00:00 0 
7f0880000000-7f088010f000 rw-p 00000000 00:00 0 
7f088010f000-7f0884000000 ---p 00000000 00:00 0 
7f0884000000-7f0884051000 rw-p 00000000 00:00 0 
7f0884051000-7f0888000000 ---p 00000000 00:00 0 
7f0888000000-7f0888021000 rw-p 00000000 00:00 0 
7f0888021000-7f088c000000 ---p 00000000 00:00 0 
7f088c000000-7f088c304000 rw-p 00000000 00:00 0 
7f088c304000-7f0890000000 ---p 00000000 00:00 0 
7f0890000000-7f089005b000 rw-p 00000000 00:00 0 
7f089005b000-7f0894000000 ---p 00000000 00:00 0 
7f0894000000-7f089452c000 rw-p 00000000 00:00 0 
7f089452c000-7f0898000000 ---p 00000000 00:00 0 
7f0898000000-7f0898021000 rw-p 00000000 00:00 0 
7f0898021000-7f089c000000 ---p 00000000 00:00 0 
7f089c000000-7f089c021000 rw-p 00000000 00:00 0 
7f089c021000-7f08a0000000 ---p 00000000 00:00 0 
7f08a0000000-7f08a05f0000 rw-p 00000000 00:00 0 
7f08a05f0000-7f08a0800000 ---p 00000000 00:00 0 
7f08a0800000-7f08a0b00000 rw-p 00000000 00:00 0 
7f08a0b00000-7f08a0b80000 rw-p 00000000 00:00 0 
7f08a0b80000-7f08a0c00000 ---p 00000000 00:00 0 
7f08a0c00000-7f08a0d60000 rw-p 00000000 00:00 0 
7f08a0d60000-7f08a1000000 rw-p 00000000 00:00 0 
7f08a1c00000-7f08a1de0000 rw-p 00000000 00:00 0 
7f08a1de0000-7f08a1e00000 rw-p 00000000 00:00 0 
7f08a1e00000-7f08a1f00000 rw-p 00000000 00:00 0 
7f08a1f00000-7f08a2000000 rw-p 00000000 00:00 0 
7f08a2000000-7f08a2400000 rw-p 00000000 00:00 0 
7f08a2400000-7f08a24c0000 rw-p 00000000 00:00 0 
7f08a24c0000-7f08a2500000 rw-p 00000000 00:00 0 
7f08a2500000-7f08a2700000 rw-p 00000000 00:00 0 
7f08a2700000-7f08a2780000 rw-p 00000000 00:00 0 
7f08a2780000-7f08a2800000 rw-p 00000000 00:00 0 
7f08a2800000-7f08a2900000 rw-p 00000000 00:00 0 
7f08a2900000-7f08a2a00000 rw-p 00000000 00:00 0 
7f08a2a00000-7f08a2c00000 rw-p 00000000 00:00 0 
7f08a2c00000-7f08a2d00000 rw-p 00000000 00:00 0 
7f08a2d00000-7f08a2e00000 rw-p 00000000 00:00 0 
7f08a2e00000-7f08a33c0000 rw-p 00000000 00:00 0 
7f08a33c0000-7f08a3400000 rw-p 00000000 00:00 0 
7f08a3400000-7f08a3500000 rw-p 00000000 00:00 0 
7f08a3500000-7f08a3600000 rw-p 00000000 00:00 0 
7f08a3600000-7f08a3900000 rw-p 00000000 00:00 0 
7f08a3900000-7f08a3a00000 rw-p 00000000 00:00 0 
7f08a3a00000-7f08a3c00000 rw-p 00000000 00:00 0 
7f08a3c00000-7f08a3c10000 r-xp 00000000 00:fcb 356                       /home/runner/.cache/jdt-language-server/config/org.eclipse.equinox.launcher/org.eclipse.equinox.launcher.gtk.linux.x86_64_1.2.400.v20211117-0650/eclipse_11600.so
7f08a3c10000-7f08a3e0f000 ---p 00010000 00:fcb 356                       /home/runner/.cache/jdt-language-server/config/org.eclipse.equinox.launcher/org.eclipse.equinox.launcher.gtk.linux.x86_64_1.2.400.v20211117-0650/eclipse_11600.so
7f08a3e0f000-7f08a3e10000 r--p 0000f000 00:fcb 356                       /home/runner/.cache/jdt-language-server/config/org.eclipse.equinox.launcher/org.eclipse.equinox.launcher.gtk.linux.x86_64_1.2.400.v20211117-0650/eclipse_11600.so
7f08a3e10000-7f08a3e11000 rw-p 00010000 00:fcb 356                       /home/runner/.cache/jdt-language-server/config/org.eclipse.equinox.launcher/org.eclipse.equinox.launcher.gtk.linux.x86_64_1.2.400.v20211117-0650/eclipse_11600.so
7f08a4000000-7f08a48ca000 rw-p 00000000 00:00 0 
7f08a48ca000-7f08a8000000 ---p 00000000 00:00 0 
7f08a8000000-7f08a8025000 rw-p 00000000 00:00 0 
7f08a8025000-7f08ac000000 ---p 00000000 00:00 0 
7f08ac000000-7f08ac021000 rw-p 00000000 00:00 0 
7f08ac021000-7f08b0000000 ---p 00000000 00:00 0 
7f08b0000000-7f08b0021000 rw-p 00000000 00:00 0 
7f08b0021000-7f08b4000000 ---p 00000000 00:00 0 
7f08b4000000-7f08b4021000 rw-p 00000000 00:00 0 
7f08b4021000-7f08b8000000 ---p 00000000 00:00 0 
7f08b8000000-7f08b8021000 rw-p 00000000 00:00 0 
7f08b8021000-7f08bc000000 ---p 00000000 00:00 0 
7f08bcf00000-7f08bd000000 ---p 00000000 00:00 0 
7f08bd000000-7f08bd5af000 r--p 01122000 00:101d 4611686019135190040      /nix/store/gpxl5qgg8kicmcvivwmybwjlpf7wh20l-graalvm17-ce-22.3.0/lib/libjvmcicompiler.so
7f08bd5af000-7f08bd700000 r--p 00000000 00:00 0 
7f08bd700000-7f08bd73d000 rw-p 00000000 00:00 0 
7f08bd73d000-7f08bdc5d000 rw-p 0185f000 00:101d 4611686019135190040      /nix/store/gpxl5qgg8kicmcvivwmybwjlpf7wh20l-graalvm17-ce-22.3.0/lib/libjvmcicompiler.so
7f08bdc5d000-7f08be044000 r--p 01d7f000 00:101d 4611686019135190040      /nix/store/gpxl5qgg8kicmcvivwmybwjlpf7wh20l-graalvm17-ce-22.3.0/lib/libjvmcicompiler.so
7f08be100000-7f08be104000 ---p 00000000 00:00 0 
7f08be104000-7f08be200000 rw-p 00000000 00:00 0 
7f08be200000-7f08be204000 ---p 00000000 00:00 0 
7f08be204000-7f08be300000 rw-p 00000000 00:00 0 
7f08be300000-7f08be304000 ---p 00000000 00:00 0 
7f08be304000-7f08be400000 rw-p 00000000 00:00 0 
7f08be500000-7f08be504000 ---p 00000000 00:00 0 
7f08be504000-7f08be600000 rw-p 00000000 00:00 0 
7f08be700000-7f08be704000 ---p 00000000 00:00 0 
7f08be704000-7f08be800000 rw-p 00000000 00:00 0 
7f08be900000-7f08be904000 ---p 00000000 00:00 0 
7f08be904000-7f08bea00000 rw-p 00000000 00:00 0 
7f08beb00000-7f08beb04000 ---p 00000000 00:00 0 
7f08beb04000-7f08bec00000 rw-p 00000000 00:00 0 
7f08bed00000-7f08bed04000 ---p 00000000 00:00 0 
7f08bed04000-7f08bee00000 rw-p 00000000 00:00 0 
7f08bef00000-7f08bef04000 ---p 00000000 00:00 0 
7f08bef04000-7f08bf000000 rw-p 00000000 00:00 0 
7f08bf100000-7f08bf104000 ---p 00000000 00:00 0 
7f08bf104000-7f08bf200000 rw-p 00000000 00:00 0 
7f08bf300000-7f08bf304000 ---p 00000000 00:00 0 
7f08bf304000-7f08bf400000 rw-p 00000000 00:00 0 
7f08bf500000-7f08bf504000 ---p 00000000 00:00 0 
7f08bf504000-7f08bf600000 rw-p 00000000 00:00 0 
7f08bf700000-7f08bf704000 ---p 00000000 00:00 0 
7f08bf704000-7f08bf800000 rw-p 00000000 00:00 0 
7f08bf900000-7f08bf904000 ---p 00000000 00:00 0 
7f08bf904000-7f08bfa00000 rw-p 00000000 00:00 0 
7f08bfa00000-7f08bfa04000 ---p 00000000 00:00 0 
7f08bfa04000-7f08bfb00000 rw-p 00000000 00:00 0 
7f08bfb00000-7f08bfb04000 ---p 00000000 00:00 0 
7f08bfb04000-7f08bfc00000 rw-p 00000000 00:00 0 
7f08bfd00000-7f08bfd04000 ---p 00000000 00:00 0 
7f08bfd04000-7f08bfe00000 rw-p 00000000 00:00 0 
7f08bff00000-7f08bff04000 ---p 00000000 00:00 0 
7f08bff04000-7f08c0000000 rw-p 00000000 00:00 0 
7f08c0000000-7f08c0021000 rw-p 00000000 00:00 0 
7f08c0021000-7f08c4000000 ---p 00000000 00:00 0 
7f08c4100000-7f08c4104000 ---p 00000000 00:00 0 
7f08c4104000-7f08c4200000 rw-p 00000000 00:00 0 
7f08c4300000-7f08c4304000 ---p 00000000 00:00 0 
7f08c4304000-7f08c4400000 rw-p 00000000 00:00 0 
7f08c4500000-7f08c4504000 ---p 00000000 00:00 0 
7f08c4504000-7f08c4600000 rw-p 00000000 00:00 0 
7f08c4700000-7f08c4704000 ---p 00000000 00:00 0 
7f08c4704000-7f08c4800000 rw-p 00000000 00:00 0 
7f08c5468000-7f08c5900000 rw-p 00000000 00:00 0 
7f08c5a00000-7f08c7b6a000 r-xp 00000000 00:101d 4611686019135190040      /nix/store/gpxl5qgg8kicmcvivwmybwjlpf7wh20l-graalvm17-ce-22.3.0/lib/libjvmcicompiler.so
7f08c7b6a000-7f08c7d69000 ---p 0216a000 00:101d 4611686019135190040      /nix/store/gpxl5qgg8kicmcvivwmybwjlpf7wh20l-graalvm17-ce-22.3.0/lib/libjvmcicompiler.so
7f08c7d69000-7f08c7d6a000 r--p 02169000 00:101d 4611686019135190040      /nix/store/gpxl5qgg8kicmcvivwmybwjlpf7wh20l-graalvm17-ce-22.3.0/lib/libjvmcicompiler.so
7f08c7d6a000-7f08c7d6c000 rw-p 0216a000 00:101d 4611686019135190040      /nix/store/gpxl5qgg8kicmcvivwmybwjlpf7wh20l-graalvm17-ce-22.3.0/lib/libjvmcicompiler.so
7f08c7d6c000-7f08c7d6d000 rw-p 00000000 00:00 0 
7f08c7d6d000-7f08c7d72000 rw-p 023c3000 00:101d 4611686019135190040      /nix/store/gpxl5qgg8kicmcvivwmybwjlpf7wh20l-graalvm17-ce-22.3.0/lib/libjvmcicompiler.so
7f08c7dfe000-7f08c7dff000 ---p 00000000 00:00 0 
7f08c7dff000-7f08c7f00000 rw-p 00000000 00:00 0 
7f08c7f00000-7f08c7f04000 ---p 00000000 00:00 0 
7f08c7f04000-7f08c8000000 rw-p 00000000 00:00 0 
7f08c8000000-7f08c8021000 rw-p 00000000 00:00 0 
7f08c8021000-7f08cc000000 ---p 00000000 00:00 0 
7f08cc000000-7f08cc021000 rw-p 00000000 00:00 0 
7f08cc021000-7f08d0000000 ---p 00000000 00:00 0 
7f08d0000000-7f08d00cb000 rw-p 00000000 00:00 0 
7f08d00cb000-7f08d4000000 ---p 00000000 00:00 0 
7f08d4000000-7f08d4b56000 rw-p 00000000 00:00 0 
7f08d4b56000-7f08d8000000 ---p 00000000 00:00 0 
7f08d8000000-7f08d8021000 rw-p 00000000 00:00 0 
7f08d8021000-7f08dc000000 ---p 00000000 00:00 0 
7f08dc000000-7f08dc021000 rw-p 00000000 00:00 0 
7f08dc021000-7f08e0000000 ---p 00000000 00:00 0 
7f08e0000000-7f08e0021000 rw-p 00000000 00:00 0 
7f08e0021000-7f08e4000000 ---p 00000000 00:00 0 
7f08e4000000-7f08e4021000 rw-p 00000000 00:00 0 
7f08e4021000-7f08e8000000 ---p 00000000 00:00 0 
7f08e8000000-7f08e8021000 rw-p 00000000 00:00 0 
7f08e8021000-7f08ec000000 ---p 00000000 00:00 0 
7f08ec000000-7f08ec021000 rw-p 00000000 00:00 0 
7f08ec021000-7f08f0000000 ---p 00000000 00:00 0 
7f08f0000000-7f08f0070000 rw-p 00000000 00:00 0 
7f08f0070000-7f08f4000000 ---p 00000000 00:00 0 
7f08f4048000-7f08f404c000 ---p 00000000 00:00 0 
7f08f404c000-7f08f4148000 rw-p 00000000 00:00 0 
7f08f4148000-7f08f414c000 ---p 00000000 00:00 0 
7f08f414c000-7f08f4248000 rw-p 00000000 00:00 0 
7f08f4248000-7f08f424c000 ---p 00000000 00:00 0 
7f08f424c000-7f08f4448000 rw-p 00000000 00:00 0 
7f08f4448000-7f08f444c000 ---p 00000000 00:00 0 
7f08f444c000-7f08f4648000 rw-p 00000000 00:00 0 
7f08f4648000-7f08f464c000 ---p 00000000 00:00 0 
7f08f464c000-7f08f4748000 rw-p 00000000 00:00 0 
7f08f4748000-7f08f474c000 ---p 00000000 00:00 0 
7f08f474c000-7f08f4848000 rw-p 00000000 00:00 0 
7f08f4848000-7f08f484c000 ---p 00000000 00:00 0 
7f08f484c000-7f08f4948000 rw-p 00000000 00:00 0 
7f08f4948000-7f08f4c2e000 r--p 00000000 00:edf 28444448                  /usr/lib/locale/locale-archive
7f08f4c2e000-7f08f4c32000 ---p 00000000 00:00 0 
7f08f4c32000-7f08f4d2e000 rw-p 00000000 00:00 0 
7f08f4d2e000-7f08f4d32000 ---p 00000000 00:00 0 
7f08f4d32000-7f08f4e2e000 rw-p 00000000 00:00 0 
7f08f4e2e000-7f08f4e2f000 ---p 00000000 00:00 0 
7f08f4e2f000-7f08f4f30000 rw-p 00000000 00:00 0 
7f08f4f30000-7f08f4ffe000 r-xp 00000000 00:101d 4611686019135190036      /nix/store/gpxl5qgg8kicmcvivwmybwjlpf7wh20l-graalvm17-ce-22.3.0/lib/libjsvml.so
7f08f4ffe000-7f08f4fff000 r--p 000cd000 00:101d 4611686019135190036      /nix/store/gpxl5qgg8kicmcvivwmybwjlpf7wh20l-graalvm17-ce-22.3.0/lib/libjsvml.so
7f08f4fff000-7f08f5000000 rw-p 000ce000 00:101d 4611686019135190036      /nix/store/gpxl5qgg8kicmcvivwmybwjlpf7wh20l-graalvm17-ce-22.3.0/lib/libjsvml.so
7f08f5000000-7f08f5400000 rw-p 00000000 00:00 0 
7f08f5400000-7f08f5700000 rw-p 00000000 00:00 0 
7f08f5700000-7f08f5800000 rw-p 00000000 00:00 0 
7f08f580b000-7f08f580d000 r-xp 00000000 00:101d 4611686019135190017      /nix/store/gpxl5qgg8kicmcvivwmybwjlpf7wh20l-graalvm17-ce-22.3.0/lib/libextnet.so
7f08f580d000-7f08f580e000 r--p 00001000 00:101d 4611686019135190017      /nix/store/gpxl5qgg8kicmcvivwmybwjlpf7wh20l-graalvm17-ce-22.3.0/lib/libextnet.so
7f08f580e000-7f08f580f000 rw-p 00002000 00:101d 4611686019135190017      /nix/store/gpxl5qgg8kicmcvivwmybwjlpf7wh20l-graalvm17-ce-22.3.0/lib/libextnet.so
7f08f580f000-7f08f5810000 rw-p 00004000 00:101d 4611686019135190017      /nix/store/gpxl5qgg8kicmcvivwmybwjlpf7wh20l-graalvm17-ce-22.3.0/lib/libextnet.so
7f08f5810000-7f08f5814000 ---p 00000000 00:00 0 
7f08f5814000-7f08f5832000 rw-p 00000000 00:00 0 
7f08f5832000-7f08f5847000 r-xp 00000000 00:101d 4611686019135192570      /nix/store/gpxl5qgg8kicmcvivwmybwjlpf7wh20l-graalvm17-ce-22.3.0/lib/libnet.so
7f08f5847000-7f08f5848000 ---p 00015000 00:101d 4611686019135192570      /nix/store/gpxl5qgg8kicmcvivwmybwjlpf7wh20l-graalvm17-ce-22.3.0/lib/libnet.so
7f08f5848000-7f08f5849000 r--p 00015000 00:101d 4611686019135192570      /nix/store/gpxl5qgg8kicmcvivwmybwjlpf7wh20l-graalvm17-ce-22.3.0/lib/libnet.so
7f08f5849000-7f08f584a000 rw-p 00016000 00:101d 4611686019135192570      /nix/store/gpxl5qgg8kicmcvivwmybwjlpf7wh20l-graalvm17-ce-22.3.0/lib/libnet.so
7f08f584a000-7f08f584d000 rw-p 0001b000 00:101d 4611686019135192570      /nix/store/gpxl5qgg8kicmcvivwmybwjlpf7wh20l-graalvm17-ce-22.3.0/lib/libnet.so
7f08f584d000-7f08f70da000 rw-p 00000000 00:00 0 
7f08f70da000-7f08f70db000 ---p 00000000 00:00 0 
7f08f70db000-7f08f7286000 rw-p 00000000 00:00 0 
7f08f7286000-7f08f729a000 rw-p 00000000 00:00 0 
7f08f729a000-7f08f72dc000 ---p 00000000 00:00 0 
7f08f72dc000-7f08f72e3000 rw-p 00000000 00:00 0 
7f08f72e3000-7f08f73c8000 ---p 00000000 00:00 0 
7f08f73c8000-7f08f73e8000 rw-p 00000000 00:00 0 
7f08f73e8000-7f08f74b3000 ---p 00000000 00:00 0 
7f08f74b3000-7f08f7723000 rwxp 00000000 00:00 0 
7f08f7723000-7f08f7a42000 ---p 00000000 00:00 0 
7f08f7a42000-7f08f8a02000 rwxp 00000000 00:00 0 
7f08f8a02000-7f08fef7a000 ---p 00000000 00:00 0 
7f08fef7a000-7f08ff22a000 rwxp 00000000 00:00 0 
7f08ff22a000-7f09064b3000 ---p 00000000 00:00 0 
7f09064b3000-7f0910000000 r--s 00000000 00:101d 4611686019135192581      /nix/store/gpxl5qgg8kicmcvivwmybwjlpf7wh20l-graalvm17-ce-22.3.0/lib/modules
7f0910000000-7f0910612000 rw-p 00000000 00:00 0 
7f0910612000-7f0914000000 ---p 00000000 00:00 0 
7f0914001000-7f0914008000 r-xp 00000000 00:101d 4611686019135192580      /nix/store/gpxl5qgg8kicmcvivwmybwjlpf7wh20l-graalvm17-ce-22.3.0/lib/libzip.so
7f0914008000-7f0914009000 ---p 00007000 00:101d 4611686019135192580      /nix/store/gpxl5qgg8kicmcvivwmybwjlpf7wh20l-graalvm17-ce-22.3.0/lib/libzip.so
7f0914009000-7f091400a000 r--p 00007000 00:101d 4611686019135192580      /nix/store/gpxl5qgg8kicmcvivwmybwjlpf7wh20l-graalvm17-ce-22.3.0/lib/libzip.so
7f091400a000-7f091400b000 rw-p 00008000 00:101d 4611686019135192580      /nix/store/gpxl5qgg8kicmcvivwmybwjlpf7wh20l-graalvm17-ce-22.3.0/lib/libzip.so
7f091400b000-7f091400d000 rw-p 0000b000 00:101d 4611686019135192580      /nix/store/gpxl5qgg8kicmcvivwmybwjlpf7wh20l-graalvm17-ce-22.3.0/lib/libzip.so
7f091400d000-7f0914020000 r-xp 00000000 00:101d 4611686019135192571      /nix/store/gpxl5qgg8kicmcvivwmybwjlpf7wh20l-graalvm17-ce-22.3.0/lib/libnio.so
7f0914020000-7f0914021000 r--p 00012000 00:101d 4611686019135192571      /nix/store/gpxl5qgg8kicmcvivwmybwjlpf7wh20l-graalvm17-ce-22.3.0/lib/libnio.so
7f0914021000-7f0914022000 rw-p 00013000 00:101d 4611686019135192571      /nix/store/gpxl5qgg8kicmcvivwmybwjlpf7wh20l-graalvm17-ce-22.3.0/lib/libnio.so
7f0914022000-7f0914027000 rw-p 00019000 00:101d 4611686019135192571      /nix/store/gpxl5qgg8kicmcvivwmybwjlpf7wh20l-graalvm17-ce-22.3.0/lib/libnio.so
7f0914027000-7f0914077000 rw-p 00000000 00:00 0 
7f0914077000-7f091407e000 ---p 00000000 00:00 0 
7f091407e000-7f09140a2000 r-xp 00000000 00:101d 4611686019135190028      /nix/store/gpxl5qgg8kicmcvivwmybwjlpf7wh20l-graalvm17-ce-22.3.0/lib/libjava.so
7f09140a2000-7f09140a3000 ---p 00024000 00:101d 4611686019135190028      /nix/store/gpxl5qgg8kicmcvivwmybwjlpf7wh20l-graalvm17-ce-22.3.0/lib/libjava.so
7f09140a3000-7f09140a4000 r--p 00024000 00:101d 4611686019135190028      /nix/store/gpxl5qgg8kicmcvivwmybwjlpf7wh20l-graalvm17-ce-22.3.0/lib/libjava.so
7f09140a4000-7f09140a5000 rw-p 00025000 00:101d 4611686019135190028      /nix/store/gpxl5qgg8kicmcvivwmybwjlpf7wh20l-graalvm17-ce-22.3.0/lib/libjava.so
7f09140a5000-7f09140a6000 rw-p 00000000 00:00 0 
7f09140a6000-7f09140ad000 rw-p 0002f000 00:101d 4611686019135190028      /nix/store/gpxl5qgg8kicmcvivwmybwjlpf7wh20l-graalvm17-ce-22.3.0/lib/libjava.so
7f09140ad000-7f09140b5000 rw-s 00000000 00:3a8 353                       /tmp/hsperfdata_runner/29
7f09140b5000-7f09140b6000 ---p 00000000 00:00 0 
7f09140b6000-7f09140b7000 r--p 00000000 00:00 0 
7f09140b7000-7f09140b8000 rwxp 00000000 00:00 0 
7f09140b8000-7f09140d3000 r-xp 00000000 00:101d 4611686019135190032      /nix/store/gpxl5qgg8kicmcvivwmybwjlpf7wh20l-graalvm17-ce-22.3.0/lib/libjimage.so
7f09140d3000-7f09140d4000 ---p 0001b000 00:101d 4611686019135190032      /nix/store/gpxl5qgg8kicmcvivwmybwjlpf7wh20l-graalvm17-ce-22.3.0/lib/libjimage.so
7f09140d4000-7f09140d6000 r--p 0001b000 00:101d 4611686019135190032      /nix/store/gpxl5qgg8kicmcvivwmybwjlpf7wh20l-graalvm17-ce-22.3.0/lib/libjimage.so
7f09140d6000-7f09140d7000 rw-p 0001d000 00:101d 4611686019135190032      /nix/store/gpxl5qgg8kicmcvivwmybwjlpf7wh20l-graalvm17-ce-22.3.0/lib/libjimage.so
7f09140d7000-7f09140d8000 rw-p 00024000 00:101d 4611686019135190032      /nix/store/gpxl5qgg8kicmcvivwmybwjlpf7wh20l-graalvm17-ce-22.3.0/lib/libjimage.so
7f09140d8000-7f09140dc000 ---p 00000000 00:00 0 
7f09140dc000-7f09141d8000 rw-p 00000000 00:00 0 
7f09141d8000-7f09141e6000 r--p 00000000 00:101d 4611686019027979927      /nix/store/4nlgxhb09sdr51nc9hdm8az5b08vzkgx-glibc-2.35-163/lib/libm.so.6
7f09141e6000-7f0914259000 r-xp 0000e000 00:101d 4611686019027979927      /nix/store/4nlgxhb09sdr51nc9hdm8az5b08vzkgx-glibc-2.35-163/lib/libm.so.6
7f0914259000-7f09142b6000 r--p 00081000 00:101d 4611686019027979927      /nix/store/4nlgxhb09sdr51nc9hdm8az5b08vzkgx-glibc-2.35-163/lib/libm.so.6
7f09142b6000-7f09142b7000 r--p 000dd000 00:101d 4611686019027979927      /nix/store/4nlgxhb09sdr51nc9hdm8az5b08vzkgx-glibc-2.35-163/lib/libm.so.6
7f09142b7000-7f09142b8000 rw-p 000de000 00:101d 4611686019027979927      /nix/store/4nlgxhb09sdr51nc9hdm8az5b08vzkgx-glibc-2.35-163/lib/libm.so.6
7f09142b8000-7f09142b9000 r--p 00000000 00:101d 4611686019027979946      /nix/store/4nlgxhb09sdr51nc9hdm8az5b08vzkgx-glibc-2.35-163/lib/librt.so.1
7f09142b9000-7f09142ba000 r-xp 00001000 00:101d 4611686019027979946      /nix/store/4nlgxhb09sdr51nc9hdm8az5b08vzkgx-glibc-2.35-163/lib/librt.so.1
7f09142ba000-7f09142bb000 r--p 00002000 00:101d 4611686019027979946      /nix/store/4nlgxhb09sdr51nc9hdm8az5b08vzkgx-glibc-2.35-163/lib/librt.so.1
7f09142bb000-7f09142bc000 r--p 00002000 00:101d 4611686019027979946      /nix/store/4nlgxhb09sdr51nc9hdm8az5b08vzkgx-glibc-2.35-163/lib/librt.so.1
7f09142bc000-7f09142bd000 rw-p 00003000 00:101d 4611686019027979946      /nix/store/4nlgxhb09sdr51nc9hdm8az5b08vzkgx-glibc-2.35-163/lib/librt.so.1
7f09142bd000-7f09153d0000 r-xp 00000000 00:101d 4611686019135360866      /nix/store/gpxl5qgg8kicmcvivwmybwjlpf7wh20l-graalvm17-ce-22.3.0/lib/server/libjvm.so
7f09153d0000-7f09153d1000 ---p 01113000 00:101d 4611686019135360866      /nix/store/gpxl5qgg8kicmcvivwmybwjlpf7wh20l-graalvm17-ce-22.3.0/lib/server/libjvm.so
7f09153d1000-7f0915486000 r--p 01113000 00:101d 4611686019135360866      /nix/store/gpxl5qgg8kicmcvivwmybwjlpf7wh20l-graalvm17-ce-22.3.0/lib/server/libjvm.so
7f0915486000-7f09154ba000 rw-p 011c8000 00:101d 4611686019135360866      /nix/store/gpxl5qgg8kicmcvivwmybwjlpf7wh20l-graalvm17-ce-22.3.0/lib/server/libjvm.so
7f09154ba000-7f0915516000 rw-p 00000000 00:00 0 
7f0915516000-7f091553e000 r--p 00000000 00:101d 4611686019027979918      /nix/store/4nlgxhb09sdr51nc9hdm8az5b08vzkgx-glibc-2.35-163/lib/libc.so.6
7f091553e000-7f09156b4000 r-xp 00028000 00:101d 4611686019027979918      /nix/store/4nlgxhb09sdr51nc9hdm8az5b08vzkgx-glibc-2.35-163/lib/libc.so.6
7f09156b4000-7f091570c000 r--p 0019e000 00:101d 4611686019027979918      /nix/store/4nlgxhb09sdr51nc9hdm8az5b08vzkgx-glibc-2.35-163/lib/libc.so.6
7f091570c000-7f0915710000 r--p 001f6000 00:101d 4611686019027979918      /nix/store/4nlgxhb09sdr51nc9hdm8az5b08vzkgx-glibc-2.35-163/lib/libc.so.6
7f0915710000-7f0915712000 rw-p 001fa000 00:101d 4611686019027979918      /nix/store/4nlgxhb09sdr51nc9hdm8az5b08vzkgx-glibc-2.35-163/lib/libc.so.6
7f0915712000-7f0915721000 rw-p 00000000 00:00 0 
7f0915721000-7f0915722000 r--p 00000000 00:101d 4611686019027979923      /nix/store/4nlgxhb09sdr51nc9hdm8az5b08vzkgx-glibc-2.35-163/lib/libdl.so.2
7f0915722000-7f0915723000 r-xp 00001000 00:101d 4611686019027979923      /nix/store/4nlgxhb09sdr51nc9hdm8az5b08vzkgx-glibc-2.35-163/lib/libdl.so.2
7f0915723000-7f0915724000 r--p 00002000 00:101d 4611686019027979923      /nix/store/4nlgxhb09sdr51nc9hdm8az5b08vzkgx-glibc-2.35-163/lib/libdl.so.2
7f0915724000-7f0915725000 r--p 00002000 00:101d 4611686019027979923      /nix/store/4nlgxhb09sdr51nc9hdm8az5b08vzkgx-glibc-2.35-163/lib/libdl.so.2
7f0915725000-7f0915726000 rw-p 00003000 00:101d 4611686019027979923      /nix/store/4nlgxhb09sdr51nc9hdm8az5b08vzkgx-glibc-2.35-163/lib/libdl.so.2
7f0915726000-7f0915727000 r--p 00000000 00:101d 4611686019027979942      /nix/store/4nlgxhb09sdr51nc9hdm8az5b08vzkgx-glibc-2.35-163/lib/libpthread.so.0
7f0915727000-7f0915728000 r-xp 00001000 00:101d 4611686019027979942      /nix/store/4nlgxhb09sdr51nc9hdm8az5b08vzkgx-glibc-2.35-163/lib/libpthread.so.0
7f0915728000-7f0915729000 r--p 00002000 00:101d 4611686019027979942      /nix/store/4nlgxhb09sdr51nc9hdm8az5b08vzkgx-glibc-2.35-163/lib/libpthread.so.0
7f0915729000-7f091572a000 r--p 00002000 00:101d 4611686019027979942      /nix/store/4nlgxhb09sdr51nc9hdm8az5b08vzkgx-glibc-2.35-163/lib/libpthread.so.0
7f091572a000-7f091572b000 rw-p 00003000 00:101d 4611686019027979942      /nix/store/4nlgxhb09sdr51nc9hdm8az5b08vzkgx-glibc-2.35-163/lib/libpthread.so.0
7f091572b000-7f0915739000 r-xp 00000000 00:101d 4611686019135190033      /nix/store/gpxl5qgg8kicmcvivwmybwjlpf7wh20l-graalvm17-ce-22.3.0/lib/libjli.so
7f0915739000-7f091573a000 ---p 0000e000 00:101d 4611686019135190033      /nix/store/gpxl5qgg8kicmcvivwmybwjlpf7wh20l-graalvm17-ce-22.3.0/lib/libjli.so
7f091573a000-7f091573b000 r--p 0000e000 00:101d 4611686019135190033      /nix/store/gpxl5qgg8kicmcvivwmybwjlpf7wh20l-graalvm17-ce-22.3.0/lib/libjli.so
7f091573b000-7f091573c000 rw-p 0000f000 00:101d 4611686019135190033      /nix/store/gpxl5qgg8kicmcvivwmybwjlpf7wh20l-graalvm17-ce-22.3.0/lib/libjli.so
7f091573c000-7f091573d000 rw-p 00012000 00:101d 4611686019135190033      /nix/store/gpxl5qgg8kicmcvivwmybwjlpf7wh20l-graalvm17-ce-22.3.0/lib/libjli.so
7f091573d000-7f0915740000 r--p 00000000 00:101d 4611686019106210071      /nix/store/026hln0aq1hyshaxsdvhg0kmcm6yf45r-zlib-1.2.13/lib/libz.so.1.2.13
7f0915740000-7f0915752000 r-xp 00003000 00:101d 4611686019106210071      /nix/store/026hln0aq1hyshaxsdvhg0kmcm6yf45r-zlib-1.2.13/lib/libz.so.1.2.13
7f0915752000-7f0915759000 r--p 00015000 00:101d 4611686019106210071      /nix/store/026hln0aq1hyshaxsdvhg0kmcm6yf45r-zlib-1.2.13/lib/libz.so.1.2.13
7f0915759000-7f091575a000 r--p 0001b000 00:101d 4611686019106210071      /nix/store/026hln0aq1hyshaxsdvhg0kmcm6yf45r-zlib-1.2.13/lib/libz.so.1.2.13
7f091575a000-7f091575b000 rw-p 0001c000 00:101d 4611686019106210071      /nix/store/026hln0aq1hyshaxsdvhg0kmcm6yf45r-zlib-1.2.13/lib/libz.so.1.2.13
7f091575b000-7f091575d000 rw-p 00000000 00:00 0 
7f091575d000-7f091575f000 r--p 00000000 00:101d 4611686019027979912      /nix/store/4nlgxhb09sdr51nc9hdm8az5b08vzkgx-glibc-2.35-163/lib/ld-linux-x86-64.so.2
7f091575f000-7f0915786000 r-xp 00002000 00:101d 4611686019027979912      /nix/store/4nlgxhb09sdr51nc9hdm8az5b08vzkgx-glibc-2.35-163/lib/ld-linux-x86-64.so.2
7f0915786000-7f0915792000 r--p 00029000 00:101d 4611686019027979912      /nix/store/4nlgxhb09sdr51nc9hdm8az5b08vzkgx-glibc-2.35-163/lib/ld-linux-x86-64.so.2
7f0915792000-7f0915794000 r--p 00034000 00:101d 4611686019027979912      /nix/store/4nlgxhb09sdr51nc9hdm8az5b08vzkgx-glibc-2.35-163/lib/ld-linux-x86-64.so.2
7f0915794000-7f0915796000 rw-p 00036000 00:101d 4611686019027979912      /nix/store/4nlgxhb09sdr51nc9hdm8az5b08vzkgx-glibc-2.35-163/lib/ld-linux-x86-64.so.2
7ffc4c400000-7ffc4c425000 rw-p 00000000 00:00 0                          [stack]
7ffc4c5ba000-7ffc4c5be000 r--p 00000000 00:00 0                          [vvar]
7ffc4c5be000-7ffc4c5c0000 r-xp 00000000 00:00 0                          [vdso]
ffffffffff600000-ffffffffff601000 --xp 00000000 00:00 0                  [vsyscall]


VM Arguments:
jvm_args: -XX:ThreadPriorityPolicy=1 -XX:+UnlockExperimentalVMOptions -XX:+EnableJVMCIProduct -XX:JVMCIThreadsPerNativeLibraryRuntime=1 -XX:-UnlockExperimentalVMOptions -Declipse.application=org.eclipse.jdt.ls.core.id1 -Dosgi.bundles.defaultStartLevel=4 -Declipse.product=org.eclipse.jdt.ls.core.product -Dlog.level=ALL -Xverify:none -XX:+UseParallelGC -XX:GCTimeRatio=4 -XX:AdaptiveSizePolicyWeight=90 -Dsun.zip.disableMemoryMapping=true -Xmx512m -Xms100m 
java_command: /nix/store/m6gcpi1ii6rghy04cjwjddcavv7i90df-jdt-language-server-1.9.0/share/java/plugins/org.eclipse.equinox.launcher_1.6.400.v20210924-0641.jar --add-modules=ALL-SYSTEM --add-opens java.base/java.util=ALL-UNNAMED --add-opens java.base/java.lang=ALL-UNNAMED -configuration /home/runner/.cache/jdt-language-server/config -data /home/runner/.cache/jdt-language-server/data/home/runner/Folha-de-Pagamento
java_class_path (initial): /nix/store/m6gcpi1ii6rghy04cjwjddcavv7i90df-jdt-language-server-1.9.0/share/java/plugins/org.eclipse.equinox.launcher_1.6.400.v20210924-0641.jar
Launcher Type: SUN_STANDARD

[Global flags]
    uintx AdaptiveSizePolicyWeight                 = 90                                        {product} {command line}
     intx CICompilerCount                          = 2                                         {product} {ergonomic}
     bool EnableJVMCIProduct                       = true                                {JVMCI product} {jimage}
    uintx GCTimeRatio                              = 4                                         {product} {command line}
   size_t InitialHeapSize                          = 104857600                                 {product} {command line}
     uint JVMCIThreadsPerNativeLibraryRuntime      = 1                                   {JVMCI product} {jimage}
   size_t MaxHeapSize                              = 536870912                                 {product} {command line}
   size_t MaxNewSize                               = 178782208                                 {product} {ergonomic}
   size_t MinHeapDeltaBytes                        = 524288                                    {product} {ergonomic}
   size_t MinHeapSize                              = 104857600                                 {product} {command line}
   size_t NewSize                                  = 34603008                                  {product} {ergonomic}
    uintx NonNMethodCodeHeapSize                   = 5826188                                {pd product} {ergonomic}
    uintx NonProfiledCodeHeapSize                  = 122916026                              {pd product} {ergonomic}
   size_t OldSize                                  = 70254592                                  {product} {ergonomic}
    uintx ProfiledCodeHeapSize                     = 122916026                              {pd product} {ergonomic}
    uintx ReservedCodeCacheSize                    = 251658240                              {pd product} {ergonomic}
     bool SegmentedCodeCache                       = true                                      {product} {ergonomic}
   size_t SoftMaxHeapSize                          = 536870912                              {manageable} {ergonomic}
     intx ThreadPriorityPolicy                     = 1                                         {product} {jimage}
     bool UseCompressedClassPointers               = true                           {product lp64_product} {ergonomic}
     bool UseCompressedOops                        = true                           {product lp64_product} {ergonomic}
     bool UseParallelGC                            = true                                      {product} {command line}

Logging:
Log output configuration:
 #0: stdout all=warning uptime,level,tags
 #1: stderr all=off uptime,level,tags

Environment Variables:
JAVA_HOME=/nix/store/gpxl5qgg8kicmcvivwmybwjlpf7wh20l-graalvm17-ce-22.3.0
PATH=/nix/store/1d6ian3r8kdzspw8hacjhl3xkp40g1lj-binutils-wrapper-2.39/bin:/nix/store/dq0xwmsk1g0i2ayg6pb7y87na2knzylh-gcc-wrapper-11.3.0/bin:/nix/store/bap4d0lpcrhpwmpb8ayjcgkmvfj62lnq-bash-interactive-5.1-p16/bin:/nix/store/pr5n59mb4jzmfx6kanwxly0l07p861fg-patchelf-0.15.0/bin:/nix/store/1gf2flfqnpqbr1b4p4qz2f72y42bs56r-gcc-11.3.0/bin:/nix/store/57xv61c5zi8pphjbcwxxjlgc34p61ic9-glibc-2.35-163-bin/bin:/nix/store/a7gvj343m05j2s32xcnwr35v31ynlypr-coreutils-9.1/bin:/nix/store/039g378vc3pc3dvi9dzdlrd0i4q93qwf-binutils-2.39/bin:/nix/store/gpxl5qgg8kicmcvivwmybwjlpf7wh20l-graalvm17-ce-22.3.0/bin:/nix/store/6z9ag3ihc8mq2hzsw48lhbznvzny65nz-apache-maven-3.8.6/bin:/nix/store/m6gcpi1ii6rghy04cjwjddcavv7i90df-jdt-language-server-1.9.0/bin:/nix/store/84xs5alhs01zrbr4ywm05kxbjbp5590l-java-debug/bin:/nix/store/mydc6f4k2z73xlcz7ilif3v2lcaiqvza-findutils-4.9.0/bin:/nix/store/j9p3g8472iijd50vhdprx0nmk2fqn5gv-diffutils-3.8/bin:/nix/store/89zs7rms6x00xfq4dq6m7mjnhkr8a6r4-gnused-4.8/bin:/nix/store/86bp03jkmsl6f92w0yzg4s59g5mhxwmy-gnugrep-3.7/bin:/nix/store/hwcdqw4jrjnd37wxqgsd47hd0j8bnj09-gawk-5.1.1/bin:/nix/store/cfbhw8r8ags41vwqaz47r583d0p4h4a1-gnutar-1.34/bin:/nix/store/p3m1ndl1lapwrlh698bnb5lvvxh67378-gzip-1.12/bin:/nix/store/a8mhcagrsly7c7mpjrpsnaahk4aax056-bzip2-1.0.8-bin/bin:/nix/store/mblgz65m3zv9x548a3d5m96fj2pbwr09-gnumake-4.3/bin:/nix/store/dsd5gz46hdbdk2rfdimqddhq6m8m8fqs-bash-5.1-p16/bin:/nix/store/v7ljksji50mg3w61dykaa3n3y79n6nil-patch-2.7.6/bin:/nix/store/zlcnmqq14jz5x9439jf937mvayyl63da-xz-5.2.7-bin/bin:/nix/store/y6aj732zm9m87c82fpvf103a1xb22blp-file-5.43/bin:/nix/store/i4kzir3m7mrisxmf5xvlnkw01x4qaqr4-prybar-elisp-0.0.0-e0d9a52/bin:/nix/store/lwwivxf6h7x3cvxp9zv8sj0mv7dak99r-prybar-lua-0.0.0-e0d9a52/bin:/nix/store/gxj28g1cg4hq3qanmjv07156h800qr58-prybar-python3-0.0.0-e0d9a52/bin:/nix/store/hshkjnxrgidigf8x75vg6lqng2xlx9i3-prybar-sqlite-0.0.0-e0d9a52/bin:/nix/store/c4w01bpjgyy5ixmwdk8m1pw87zq4sl26-prybar-tcl-0.0.0-e0d9a52/bin:/nix/store/hpbvrlwd5viqmvcaisb3x0118i913a9n-st
LD_LIBRARY_PATH=/nix/store/a4pff549sk2idnkpzk5nsfps3mdkdnvm-cups-2.4.2-lib/lib:/nix/store/72mqxxhh3cy5yifh92wh2yb8cl2hikyy-cairo-1.16.0/lib:/nix/store/2k366jrbsra97gjfxwvrhvixjfxdach5-glib-2.74.1/lib:/nix/store/2j2znigd8ak37rlwh9khz0ry3clqlw1l-gtk+3-3.24.34/lib:/nix/store/hisqvx32cd57apbpcsnkpx6k3549wql1-libglvnd-1.4.0/lib:/nix/store/p36pgcv991mq5srvg765b78yqpxvk3qs-mesa-21.3.3-drivers/lib:/nix/store/mav4251if1ahjq5vkpwycyyvnmy459c4-pulseaudio-14.2/lib
DISPLAY=:0
LANG=en_US.UTF-8

Signal Handlers:
   SIGSEGV: crash_handler in libjvm.so, mask=11100100010111111101111111111110, flags=SA_RESTART|SA_SIGINFO
    SIGBUS: crash_handler in libjvm.so, mask=11100100010111111101111111111110, flags=SA_RESTART|SA_SIGINFO
    SIGFPE: crash_handler in libjvm.so, mask=11100100010111111101111111111110, flags=SA_RESTART|SA_SIGINFO
   SIGPIPE: IsolateEnterStub_IgnoreSIGPIPEStartupHook_noopSignalHandler_8f19bff2f35b5f630d83b364d6b2339320d4ec70_216e8361c6bc87a8f89f58cc10d3b2fd4415bf87 in libjvmcicompiler.so, mask=00000000000000000000000000000000, flags=SA_RESTART
  *** Handler was modified!
  *** Expected: javaSignalHandler in libjvm.so, mask=11100100110111111111111111111110, flags=SA_RESTART|SA_SIGINFO
   SIGXFSZ: javaSignalHandler in libjvm.so, mask=11100100010111111101111111111110, flags=SA_RESTART|SA_SIGINFO
    SIGILL: crash_handler in libjvm.so, mask=11100100010111111101111111111110, flags=SA_RESTART|SA_SIGINFO
   SIGUSR2: SR_handler in libjvm.so, mask=00000000000000000000000000000000, flags=SA_RESTART|SA_SIGINFO
    SIGHUP: UserHandler in libjvm.so, mask=11100100010111111101111111111110, flags=SA_RESTART|SA_SIGINFO
    SIGINT: UserHandler in libjvm.so, mask=11100100010111111101111111111110, flags=SA_RESTART|SA_SIGINFO
   SIGTERM: UserHandler in libjvm.so, mask=11100100010111111101111111111110, flags=SA_RESTART|SA_SIGINFO
   SIGQUIT: UserHandler in libjvm.so, mask=11100100010111111101111111111110, flags=SA_RESTART|SA_SIGINFO
  *** Handler was modified!
  *** Expected: javaSignalHandler in libjvm.so, mask=11100100110111111111111111111110, flags=SA_RESTART|SA_SIGINFO
   SIGTRAP: crash_handler in libjvm.so, mask=11100100010111111101111111111110, flags=SA_RESTART|SA_SIGINFO


---------------  S Y S T E M  ---------------

OS:
DISTRIB_ID=Ubuntu
DISTRIB_RELEASE=20.04
DISTRIB_CODENAME=focal
DISTRIB_DESCRIPTION="Ubuntu 20.04.2 LTS"
uname: Linux 5.15.0-1031-gcp #38~20.04.1-Ubuntu SMP Sun Mar 12 04:47:58 UTC 2023 x86_64
OS uptime: 0 days 8:23 hours
libc: glibc 2.35 NPTL 2.35 
rlimit (soft/hard): STACK 8192k/infinity , CORE infinity/infinity , NPROC infinity/infinity , NOFILE 5242/5242 , AS infinity/infinity , CPU infinity/infinity , DATA infinity/infinity , FSIZE infinity/infinity , MEMLOCK 64k/64k
load average: 16.07 14.64 14.50

/proc/meminfo:
MemTotal:       65852712 kB
MemFree:        13758408 kB
MemAvailable:   36815964 kB
Buffers:         2477256 kB
Cached:         19153380 kB
SwapCached:            0 kB
Active:         10006012 kB
Inactive:       36773384 kB
Active(anon):      16504 kB
Inactive(anon): 24876972 kB
Active(file):    9989508 kB
Inactive(file): 11896412 kB
Unevictable:       43208 kB
Mlocked:           43208 kB
SwapTotal:             0 kB
SwapFree:              0 kB
Dirty:              4900 kB
Writeback:             0 kB
AnonPages:      23892324 kB
Mapped:          2121120 kB
Shmem:             48524 kB
KReclaimable:    1898236 kB
Slab:            4184732 kB
SReclaimable:    1898236 kB
SUnreclaim:      2286496 kB
KernelStack:      423400 kB
PageTables:       250836 kB
NFS_Unstable:          0 kB
Bounce:                0 kB
WritebackTmp:          0 kB
CommitLimit:    32926356 kB
Committed_AS:   78330872 kB
VmallocTotal:   34359738367 kB
VmallocUsed:      477056 kB
VmallocChunk:          0 kB
Percpu:            89344 kB
HardwareCorrupted:     0 kB
AnonHugePages:   3907584 kB
ShmemHugePages:        0 kB
ShmemPmdMapped:        0 kB
FileHugePages:         0 kB
FilePmdMapped:         0 kB
HugePages_Total:       0
HugePages_Free:        0
HugePages_Rsvd:        0
HugePages_Surp:        0
Hugepagesize:       2048 kB
Hugetlb:               0 kB
DirectMap4k:     5534528 kB
DirectMap2M:    52133888 kB
DirectMap1G:    11534336 kB

/sys/kernel/mm/transparent_hugepage/enabled: always [madvise] never
/sys/kernel/mm/transparent_hugepage/defrag (defrag/compaction efforts parameter): always defer defer+madvise [madvise] never

Process Memory:
Virtual Size: 4788316K (peak: 4826944K)
Resident Set Size: 728068K (peak: 770000K) (anon: 533416K, file: 194652K, shmem: 0K)
Swapped out: 0K
C-Heap outstanding allocations: 43902K, retained: 13765K
glibc malloc tunables: (default)

/proc/sys/kernel/threads-max (system-wide limit on the number of threads): 514406
/proc/sys/vm/max_map_count (maximum number of memory map areas a process may have): 65530
/proc/sys/kernel/pid_max (system-wide limit on number of process identifiers): 4194304

container (cgroup) information:
container_type: cgroupv1
cpu_cpuset_cpus: 2-7
cpu_memory_nodes: 0
active_processor_count: 1
cpu_quota: 50000
cpu_period: 100000
cpu_shares: 512
memory_limit_in_bytes: 1048576 k
memory_and_swap_limit_in_bytes: 1048576 k
memory_soft_limit_in_bytes: 524288 k
memory_usage_in_bytes: 587856 k
memory_max_usage_in_bytes: 704260 k
maximum number of tasks: 1000
current number of tasks: 51

KVM virtualization detected
Steal ticks since vm start: 0
Steal ticks percentage since vm start:  0.000

CPU: total 8 (initial active 1) (8 cores per cpu, 2 threads per core) family 23 model 49 stepping 0 microcode 0xffffffff, cx8, cmov, fxsr, ht, mmx, 3dnowpref, sse, sse2, sse3, ssse3, sse4a, sse4.1, sse4.2, popcnt, lzcnt, tsc, tscinvbit, avx, avx2, aes, clmul, bmi1, bmi2, adx, sha, fma, vzeroupper, clflush, clflushopt, hv
CPU Model and flags from /proc/cpuinfo:
model name	: AMD EPYC 7B12
flags		: fpu vme de pse tsc msr pae mce cx8 apic sep mtrr pge mca cmov pat pse36 clflush mmx fxsr sse sse2 ht syscall nx mmxext fxsr_opt pdpe1gb rdtscp lm constant_tsc rep_good nopl nonstop_tsc cpuid extd_apicid tsc_known_freq pni pclmulqdq ssse3 fma cx16 sse4_1 sse4_2 movbe popcnt aes xsave avx f16c rdrand hypervisor lahf_lm cmp_legacy cr8_legacy abm sse4a misalignsse 3dnowprefetch osvw topoext ssbd ibrs ibpb stibp vmmcall fsgsbase tsc_adjust bmi1 avx2 smep bmi2 rdseed adx smap clflushopt clwb sha_ni xsaveopt xsavec xgetbv1 clzero xsaveerptr arat npt nrip_save umip rdpid

Online cpus: 0-7
Offline cpus: 
BIOS frequency limitation: <Not Available>
Frequency switch latency (ns): <Not Available>
Available cpu frequencies: <Not Available>
Current governor: <Not Available>
Core performance/turbo boost: <Not Available>

Memory: 4k page, physical 1048576k(460712k free), swap 0k(0k free)
Page Sizes: 4k

vm_info: OpenJDK 64-Bit Server VM (17.0.5+8-jvmci-22.3-b08) for linux-amd64 JRE (17.0.5+8-jvmci-22.3-b08), built on Oct 19 2022 09:01:27 by "buildslave" with gcc 10.3.0

END.
